[ 2017-09-28T11:24:26+08:00 ] 127.0.0.1 /
INFO: [ app_init ] --START--
INFO: Run Behavior\BuildLiteBehavior [ RunTime:0.000016s ]
INFO: [ app_init ] --END-- [ RunTime:0.000397s ]
INFO: [ app_begin ] --START--
INFO: Run Behavior\ReadHtmlCacheBehavior [ RunTime:0.000392s ]
INFO: [ app_begin ] --END-- [ RunTime:0.000465s ]
NOTIC: [2] Declaration of Common\Model\ArticleModel::find($id) should be compatible with Think\Model::find($options = Array) /Users/secret/www/tp/Application/Common/Model/ArticleModel.class.php 第 8 行.
SQL: SHOW COLUMNS FROM `articles` [ RunTime:0.0005s ]
SQL: SELECT COUNT(*) AS tp_count FROM `articles` LIMIT 1   [ RunTime:0.0003s ]
SQL: SELECT * FROM `articles` ORDER BY created_at desc LIMIT 0,5   [ RunTime:0.0004s ]
INFO: [ view_parse ] --START--
INFO: [ template_filter ] --START--
INFO: Run Behavior\ContentReplaceBehavior [ RunTime:0.000043s ]
INFO: [ template_filter ] --END-- [ RunTime:0.000106s ]
INFO: Run Behavior\ParseTemplateBehavior [ RunTime:0.006590s ]
INFO: [ view_parse ] --END-- [ RunTime:0.006657s ]
INFO: [ view_filter ] --START--
INFO: Run Behavior\WriteHtmlCacheBehavior [ RunTime:0.000130s ]
INFO: [ view_filter ] --END-- [ RunTime:0.000182s ]
INFO: [ app_end ] --START--
INFO: Run Behavior\ShowPageTraceBehavior [ RunTime:0.000363s ]
INFO: [ app_end ] --END-- [ RunTime:0.000437s ]

[ 2017-09-28T11:32:13+08:00 ] 127.0.0.1 /
INFO: [ app_init ] --START--
INFO: Run Behavior\BuildLiteBehavior [ RunTime:0.000017s ]
INFO: [ app_init ] --END-- [ RunTime:0.000429s ]
INFO: [ app_begin ] --START--
INFO: Run Behavior\ReadHtmlCacheBehavior [ RunTime:0.000341s ]
INFO: [ app_begin ] --END-- [ RunTime:0.000409s ]
NOTIC: [2] Declaration of Common\Model\ArticleModel::find($id) should be compatible with Think\Model::find($options = Array) /Users/secret/www/tp/Application/Common/Model/ArticleModel.class.php 第 8 行.
NOTIC: [8] Undefined variable: tableName /Users/secret/www/tp/Application/Common/Model/ArticleModel.class.php 第 24 行.
ERR: 1103:Incorrect table name ''
 [ SQL语句 ] : SELECT COUNT(*) AS tp_count FROM `` LIMIT 1  
ERR: 1103:Incorrect table name ''
 [ SQL语句 ] : SELECT COUNT(*) AS tp_count FROM `` LIMIT 1  

[ 2017-09-28T11:32:23+08:00 ] 127.0.0.1 /
INFO: [ app_init ] --START--
INFO: Run Behavior\BuildLiteBehavior [ RunTime:0.000027s ]
INFO: [ app_init ] --END-- [ RunTime:0.000599s ]
INFO: [ app_begin ] --START--
INFO: Run Behavior\ReadHtmlCacheBehavior [ RunTime:0.000770s ]
INFO: [ app_begin ] --END-- [ RunTime:0.000891s ]
NOTIC: [2] Declaration of Common\Model\ArticleModel::find($id) should be compatible with Think\Model::find($options = Array) /Users/secret/www/tp/Application/Common/Model/ArticleModel.class.php 第 8 行.
SQL: SHOW COLUMNS FROM `articles` [ RunTime:0.0006s ]
SQL: SELECT COUNT(*) AS tp_count FROM `articles` LIMIT 1   [ RunTime:0.0003s ]
SQL: SELECT * FROM `articles` ORDER BY created_at desc LIMIT 0,5   [ RunTime:0.0004s ]
INFO: [ view_parse ] --START--
INFO: [ template_filter ] --START--
INFO: Run Behavior\ContentReplaceBehavior [ RunTime:0.000042s ]
INFO: [ template_filter ] --END-- [ RunTime:0.000151s ]
INFO: Run Behavior\ParseTemplateBehavior [ RunTime:0.005576s ]
INFO: [ view_parse ] --END-- [ RunTime:0.005643s ]
INFO: [ view_filter ] --START--
INFO: Run Behavior\WriteHtmlCacheBehavior [ RunTime:0.000146s ]
INFO: [ view_filter ] --END-- [ RunTime:0.000198s ]
INFO: [ app_end ] --START--
INFO: Run Behavior\ShowPageTraceBehavior [ RunTime:0.000612s ]
INFO: [ app_end ] --END-- [ RunTime:0.000697s ]

[ 2017-09-28T16:33:01+08:00 ] 127.0.0.1 /
INFO: [ app_init ] --START--
INFO: Run Behavior\BuildLiteBehavior [ RunTime:0.000017s ]
INFO: [ app_init ] --END-- [ RunTime:0.000391s ]
INFO: [ app_begin ] --START--
INFO: Run Behavior\ReadHtmlCacheBehavior [ RunTime:0.000287s ]
INFO: [ app_begin ] --END-- [ RunTime:0.000349s ]
NOTIC: [2] Declaration of Common\Model\ArticleModel::find($id, $status = 1) should be compatible with Think\Model::find($options = Array) /Users/secret/www/tp/Application/Common/Model/ArticleModel.class.php 第 8 行.
SQL: SHOW COLUMNS FROM `articles` [ RunTime:0.0008s ]
SQL: SELECT COUNT(*) AS tp_count FROM `articles` WHERE ( status = 1.000000 ) LIMIT 1   [ RunTime:0.0003s ]
SQL: SELECT * FROM `articles` WHERE ( status = 1.000000 ) ORDER BY created_at desc LIMIT 0,5   [ RunTime:0.0004s ]
INFO: [ view_parse ] --START--
INFO: [ template_filter ] --START--
INFO: Run Behavior\ContentReplaceBehavior [ RunTime:0.000043s ]
INFO: [ template_filter ] --END-- [ RunTime:0.000107s ]
INFO: Run Behavior\ParseTemplateBehavior [ RunTime:0.006388s ]
INFO: [ view_parse ] --END-- [ RunTime:0.006461s ]
INFO: [ view_filter ] --START--
INFO: Run Behavior\WriteHtmlCacheBehavior [ RunTime:0.000137s ]
INFO: [ view_filter ] --END-- [ RunTime:0.000194s ]
INFO: [ app_end ] --START--
INFO: Run Behavior\ShowPageTraceBehavior [ RunTime:0.000511s ]
INFO: [ app_end ] --END-- [ RunTime:0.000589s ]

[ 2017-09-28T16:33:06+08:00 ] 127.0.0.1 /index.php/Index/index/p/2.html
INFO: [ app_init ] --START--
INFO: Run Behavior\BuildLiteBehavior [ RunTime:0.000016s ]
INFO: [ app_init ] --END-- [ RunTime:0.000254s ]
INFO: [ app_begin ] --START--
INFO: Run Behavior\ReadHtmlCacheBehavior [ RunTime:0.000263s ]
INFO: [ app_begin ] --END-- [ RunTime:0.000324s ]
NOTIC: [2] Declaration of Common\Model\ArticleModel::find($id, $status = 1) should be compatible with Think\Model::find($options = Array) /Users/secret/www/tp/Application/Common/Model/ArticleModel.class.php 第 8 行.
SQL: SHOW COLUMNS FROM `articles` [ RunTime:0.0005s ]
SQL: SELECT COUNT(*) AS tp_count FROM `articles` WHERE ( status = 1.000000 ) LIMIT 1   [ RunTime:0.0003s ]
SQL: SELECT * FROM `articles` WHERE ( status = 1.000000 ) ORDER BY created_at desc LIMIT 5,5   [ RunTime:0.0004s ]
INFO: [ view_parse ] --START--
INFO: [ template_filter ] --START--
INFO: Run Behavior\ContentReplaceBehavior [ RunTime:0.000043s ]
INFO: [ template_filter ] --END-- [ RunTime:0.000108s ]
INFO: Run Behavior\ParseTemplateBehavior [ RunTime:0.006044s ]
INFO: [ view_parse ] --END-- [ RunTime:0.006194s ]
INFO: [ view_filter ] --START--
INFO: Run Behavior\WriteHtmlCacheBehavior [ RunTime:0.000137s ]
INFO: [ view_filter ] --END-- [ RunTime:0.000190s ]
INFO: [ app_end ] --START--
INFO: Run Behavior\ShowPageTraceBehavior [ RunTime:0.000405s ]
INFO: [ app_end ] --END-- [ RunTime:0.000551s ]

[ 2017-09-28T16:33:20+08:00 ] 127.0.0.1 /index.php/Index/index/p/1.html
INFO: [ app_init ] --START--
INFO: Run Behavior\BuildLiteBehavior [ RunTime:0.000015s ]
INFO: [ app_init ] --END-- [ RunTime:0.000254s ]
INFO: [ app_begin ] --START--
INFO: Run Behavior\ReadHtmlCacheBehavior [ RunTime:0.000279s ]
INFO: [ app_begin ] --END-- [ RunTime:0.000341s ]
NOTIC: [2] Declaration of Common\Model\ArticleModel::find($id, $status = 1) should be compatible with Think\Model::find($options = Array) /Users/secret/www/tp/Application/Common/Model/ArticleModel.class.php 第 8 行.
SQL: SHOW COLUMNS FROM `articles` [ RunTime:0.0005s ]
SQL: SELECT COUNT(*) AS tp_count FROM `articles` WHERE ( status = 1.000000 ) LIMIT 1   [ RunTime:0.0003s ]
SQL: SELECT * FROM `articles` WHERE ( status = 1.000000 ) ORDER BY created_at desc LIMIT 0,5   [ RunTime:0.0004s ]
INFO: [ view_parse ] --START--
INFO: [ template_filter ] --START--
INFO: Run Behavior\ContentReplaceBehavior [ RunTime:0.000044s ]
INFO: [ template_filter ] --END-- [ RunTime:0.000109s ]
INFO: Run Behavior\ParseTemplateBehavior [ RunTime:0.005791s ]
INFO: [ view_parse ] --END-- [ RunTime:0.005861s ]
INFO: [ view_filter ] --START--
INFO: Run Behavior\WriteHtmlCacheBehavior [ RunTime:0.000132s ]
INFO: [ view_filter ] --END-- [ RunTime:0.000185s ]
INFO: [ app_end ] --START--
INFO: Run Behavior\ShowPageTraceBehavior [ RunTime:0.000377s ]
INFO: [ app_end ] --END-- [ RunTime:0.000490s ]

[ 2017-09-28T16:34:26+08:00 ] 127.0.0.1 /index.php/Index/index/p/1.html
INFO: [ app_init ] --START--
INFO: Run Behavior\BuildLiteBehavior [ RunTime:0.000020s ]
INFO: [ app_init ] --END-- [ RunTime:0.000472s ]
INFO: [ app_begin ] --START--
INFO: Run Behavior\ReadHtmlCacheBehavior [ RunTime:0.000589s ]
INFO: [ app_begin ] --END-- [ RunTime:0.000683s ]
NOTIC: [2] Declaration of Common\Model\ArticleModel::find($id, $status = 1) should be compatible with Think\Model::find($options = Array) /Users/secret/www/tp/Application/Common/Model/ArticleModel.class.php 第 8 行.
SQL: SHOW COLUMNS FROM `articles` [ RunTime:0.0007s ]
SQL: SELECT COUNT(*) AS tp_count FROM `articles` WHERE ( status = 1.000000 ) LIMIT 1   [ RunTime:0.0004s ]
SQL: SELECT * FROM `articles` WHERE ( status = 1.000000 ) ORDER BY created_at desc LIMIT 0,5   [ RunTime:0.0010s ]
INFO: [ view_parse ] --START--
INFO: [ template_filter ] --START--
INFO: Run Behavior\ContentReplaceBehavior [ RunTime:0.000042s ]
INFO: [ template_filter ] --END-- [ RunTime:0.000106s ]
INFO: Run Behavior\ParseTemplateBehavior [ RunTime:0.004676s ]
INFO: [ view_parse ] --END-- [ RunTime:0.004748s ]
INFO: [ view_filter ] --START--
INFO: Run Behavior\WriteHtmlCacheBehavior [ RunTime:0.000129s ]
INFO: [ view_filter ] --END-- [ RunTime:0.000183s ]
INFO: [ app_end ] --START--
INFO: Run Behavior\ShowPageTraceBehavior [ RunTime:0.000362s ]
INFO: [ app_end ] --END-- [ RunTime:0.000436s ]

[ 2017-09-28T16:35:56+08:00 ] 127.0.0.1 /index.php/Index/index/p/1.html
INFO: [ app_init ] --START--
INFO: Run Behavior\BuildLiteBehavior [ RunTime:0.000017s ]
INFO: [ app_init ] --END-- [ RunTime:0.000287s ]
INFO: [ app_begin ] --START--
INFO: Run Behavior\ReadHtmlCacheBehavior [ RunTime:0.000468s ]
INFO: [ app_begin ] --END-- [ RunTime:0.000611s ]
NOTIC: [2] Declaration of Common\Model\ArticleModel::find($id, $status = 1) should be compatible with Think\Model::find($options = Array) /Users/secret/www/tp/Application/Common/Model/ArticleModel.class.php 第 8 行.
SQL: SHOW COLUMNS FROM `articles` [ RunTime:0.0005s ]
SQL: SELECT COUNT(*) AS tp_count FROM `articles` WHERE ( status = 1.000000 ) LIMIT 1   [ RunTime:0.0003s ]
SQL: SELECT * FROM `articles` WHERE ( status = 1.000000 ) ORDER BY created_at desc LIMIT 0,5   [ RunTime:0.0004s ]
INFO: [ view_parse ] --START--
INFO: [ template_filter ] --START--
INFO: Run Behavior\ContentReplaceBehavior [ RunTime:0.000044s ]
INFO: [ template_filter ] --END-- [ RunTime:0.000111s ]
INFO: Run Behavior\ParseTemplateBehavior [ RunTime:0.005437s ]
INFO: [ view_parse ] --END-- [ RunTime:0.005506s ]
INFO: [ view_filter ] --START--
INFO: Run Behavior\WriteHtmlCacheBehavior [ RunTime:0.000133s ]
INFO: [ view_filter ] --END-- [ RunTime:0.000185s ]
INFO: [ app_end ] --START--
INFO: Run Behavior\ShowPageTraceBehavior [ RunTime:0.000411s ]
INFO: [ app_end ] --END-- [ RunTime:0.000484s ]

[ 2017-09-28T16:38:06+08:00 ] 127.0.0.1 /index.php/Index/index/p/1.html
INFO: [ app_init ] --START--
INFO: Run Behavior\BuildLiteBehavior [ RunTime:0.000017s ]
INFO: [ app_init ] --END-- [ RunTime:0.000313s ]
INFO: [ app_begin ] --START--
INFO: Run Behavior\ReadHtmlCacheBehavior [ RunTime:0.000325s ]
INFO: [ app_begin ] --END-- [ RunTime:0.000396s ]
NOTIC: [2] Declaration of Common\Model\ArticleModel::find($id, $status = 1) should be compatible with Think\Model::find($options = Array) /Users/secret/www/tp/Application/Common/Model/ArticleModel.class.php 第 8 行.
SQL: SHOW COLUMNS FROM `articles` [ RunTime:0.0005s ]
SQL: SELECT COUNT(*) AS tp_count FROM `articles` WHERE ( status = 1.000000 ) LIMIT 1   [ RunTime:0.0003s ]
SQL: SELECT * FROM `articles` WHERE ( status = 1.000000 ) ORDER BY created_at desc LIMIT 0,5   [ RunTime:0.0004s ]
INFO: [ view_parse ] --START--
INFO: [ template_filter ] --START--
INFO: Run Behavior\ContentReplaceBehavior [ RunTime:0.000044s ]
INFO: [ template_filter ] --END-- [ RunTime:0.000106s ]
INFO: Run Behavior\ParseTemplateBehavior [ RunTime:0.004486s ]
INFO: [ view_parse ] --END-- [ RunTime:0.004550s ]
INFO: [ view_filter ] --START--
INFO: Run Behavior\WriteHtmlCacheBehavior [ RunTime:0.000474s ]
INFO: [ view_filter ] --END-- [ RunTime:0.000546s ]
INFO: [ app_end ] --START--
INFO: Run Behavior\ShowPageTraceBehavior [ RunTime:0.000486s ]
INFO: [ app_end ] --END-- [ RunTime:0.000585s ]

[ 2017-09-28T16:38:53+08:00 ] 127.0.0.1 /index.php/Index/index/p/1.html
INFO: [ app_init ] --START--
INFO: Run Behavior\BuildLiteBehavior [ RunTime:0.000014s ]
INFO: [ app_init ] --END-- [ RunTime:0.000248s ]
INFO: [ app_begin ] --START--
INFO: Run Behavior\ReadHtmlCacheBehavior [ RunTime:0.000262s ]
INFO: [ app_begin ] --END-- [ RunTime:0.000320s ]
NOTIC: [2] Declaration of Common\Model\ArticleModel::find($id, $status = 1) should be compatible with Think\Model::find($options = Array) /Users/secret/www/tp/Application/Common/Model/ArticleModel.class.php 第 8 行.
SQL: SHOW COLUMNS FROM `articles` [ RunTime:0.0005s ]
SQL: SELECT COUNT(*) AS tp_count FROM `articles` WHERE ( status = 1.000000 ) LIMIT 1   [ RunTime:0.0003s ]
SQL: SELECT * FROM `articles` WHERE ( status = 1.000000 ) ORDER BY created_at desc LIMIT 0,5   [ RunTime:0.0004s ]
INFO: [ view_parse ] --START--
INFO: [ template_filter ] --START--
INFO: Run Behavior\ContentReplaceBehavior [ RunTime:0.000042s ]
INFO: [ template_filter ] --END-- [ RunTime:0.000104s ]
INFO: Run Behavior\ParseTemplateBehavior [ RunTime:0.004491s ]
INFO: [ view_parse ] --END-- [ RunTime:0.004580s ]
INFO: [ view_filter ] --START--
INFO: Run Behavior\WriteHtmlCacheBehavior [ RunTime:0.000137s ]
INFO: [ view_filter ] --END-- [ RunTime:0.000192s ]
INFO: [ app_end ] --START--
INFO: Run Behavior\ShowPageTraceBehavior [ RunTime:0.000389s ]
INFO: [ app_end ] --END-- [ RunTime:0.000462s ]

[ 2017-09-28T16:38:59+08:00 ] 127.0.0.1 /index.php/Index/index/p/1.html
INFO: [ app_init ] --START--
INFO: Run Behavior\BuildLiteBehavior [ RunTime:0.000032s ]
INFO: [ app_init ] --END-- [ RunTime:0.001998s ]
INFO: [ app_begin ] --START--
INFO: Run Behavior\ReadHtmlCacheBehavior [ RunTime:0.000523s ]
INFO: [ app_begin ] --END-- [ RunTime:0.000619s ]
NOTIC: [2] Declaration of Common\Model\ArticleModel::find($id, $status = 1) should be compatible with Think\Model::find($options = Array) /Users/secret/www/tp/Application/Common/Model/ArticleModel.class.php 第 8 行.
SQL: SHOW COLUMNS FROM `articles` [ RunTime:0.0011s ]
SQL: SELECT COUNT(*) AS tp_count FROM `articles` WHERE ( status = 1.000000 ) LIMIT 1   [ RunTime:0.0007s ]
SQL: SELECT * FROM `articles` WHERE ( status = 1.000000 ) ORDER BY created_at desc LIMIT 0,5   [ RunTime:0.0004s ]
INFO: [ view_parse ] --START--
INFO: [ template_filter ] --START--
INFO: Run Behavior\ContentReplaceBehavior [ RunTime:0.000046s ]
INFO: [ template_filter ] --END-- [ RunTime:0.000117s ]
INFO: Run Behavior\ParseTemplateBehavior [ RunTime:0.007605s ]
INFO: [ view_parse ] --END-- [ RunTime:0.007758s ]
INFO: [ view_filter ] --START--
INFO: Run Behavior\WriteHtmlCacheBehavior [ RunTime:0.000269s ]
INFO: [ view_filter ] --END-- [ RunTime:0.000379s ]
INFO: [ app_end ] --START--
INFO: Run Behavior\ShowPageTraceBehavior [ RunTime:0.000492s ]
INFO: [ app_end ] --END-- [ RunTime:0.000579s ]

[ 2017-09-28T20:31:14+08:00 ] 127.0.0.1 /index.php/Index/index/p/2.html
INFO: [ app_init ] --START--
INFO: Run Behavior\BuildLiteBehavior [ RunTime:0.000029s ]
INFO: [ app_init ] --END-- [ RunTime:0.000510s ]
INFO: [ app_begin ] --START--
INFO: Run Behavior\ReadHtmlCacheBehavior [ RunTime:0.000287s ]
INFO: [ app_begin ] --END-- [ RunTime:0.000350s ]
NOTIC: [2] Declaration of Common\Model\ArticleModel::find($id, $status = 1) should be compatible with Think\Model::find($options = Array) /Users/secret/www/tp/Application/Common/Model/ArticleModel.class.php 第 8 行.
SQL: SHOW COLUMNS FROM `articles` [ RunTime:0.0005s ]
SQL: SELECT COUNT(*) AS tp_count FROM `articles` WHERE ( status = 1.000000 ) LIMIT 1   [ RunTime:0.0003s ]
SQL: SELECT * FROM `articles` WHERE ( status = 1.000000 ) ORDER BY created_at desc LIMIT 5,5   [ RunTime:0.0004s ]
INFO: [ view_parse ] --START--
INFO: [ template_filter ] --START--
INFO: Run Behavior\ContentReplaceBehavior [ RunTime:0.000065s ]
INFO: [ template_filter ] --END-- [ RunTime:0.000156s ]
INFO: Run Behavior\ParseTemplateBehavior [ RunTime:0.004810s ]
INFO: [ view_parse ] --END-- [ RunTime:0.004873s ]
INFO: [ view_filter ] --START--
INFO: Run Behavior\WriteHtmlCacheBehavior [ RunTime:0.000145s ]
INFO: [ view_filter ] --END-- [ RunTime:0.000196s ]
INFO: [ app_end ] --START--
INFO: Run Behavior\ShowPageTraceBehavior [ RunTime:0.000426s ]
INFO: [ app_end ] --END-- [ RunTime:0.000552s ]

[ 2017-09-28T20:31:17+08:00 ] 127.0.0.1 /index.php/Index/index/p/1.html
INFO: [ app_init ] --START--
INFO: Run Behavior\BuildLiteBehavior [ RunTime:0.000016s ]
INFO: [ app_init ] --END-- [ RunTime:0.000267s ]
INFO: [ app_begin ] --START--
INFO: Run Behavior\ReadHtmlCacheBehavior [ RunTime:0.000292s ]
INFO: [ app_begin ] --END-- [ RunTime:0.000354s ]
NOTIC: [2] Declaration of Common\Model\ArticleModel::find($id, $status = 1) should be compatible with Think\Model::find($options = Array) /Users/secret/www/tp/Application/Common/Model/ArticleModel.class.php 第 8 行.
SQL: SHOW COLUMNS FROM `articles` [ RunTime:0.0005s ]
SQL: SELECT COUNT(*) AS tp_count FROM `articles` WHERE ( status = 1.000000 ) LIMIT 1   [ RunTime:0.0003s ]
SQL: SELECT * FROM `articles` WHERE ( status = 1.000000 ) ORDER BY created_at desc LIMIT 0,5   [ RunTime:0.0003s ]
INFO: [ view_parse ] --START--
INFO: [ template_filter ] --START--
INFO: Run Behavior\ContentReplaceBehavior [ RunTime:0.000046s ]
INFO: [ template_filter ] --END-- [ RunTime:0.000117s ]
INFO: Run Behavior\ParseTemplateBehavior [ RunTime:0.005309s ]
INFO: [ view_parse ] --END-- [ RunTime:0.005382s ]
INFO: [ view_filter ] --START--
INFO: Run Behavior\WriteHtmlCacheBehavior [ RunTime:0.000150s ]
INFO: [ view_filter ] --END-- [ RunTime:0.000210s ]
INFO: [ app_end ] --START--
INFO: Run Behavior\ShowPageTraceBehavior [ RunTime:0.000578s ]
INFO: [ app_end ] --END-- [ RunTime:0.000665s ]

