[ 2017-09-22T16:06:39+08:00 ] ::1 /tp/index.php
INFO: [ app_init ] --START--
INFO: Run Behavior\BuildLiteBehavior [ RunTime:0.000032s ]
INFO: [ app_init ] --END-- [ RunTime:0.000228s ]
INFO: [ app_begin ] --START--
INFO: Run Behavior\ReadHtmlCacheBehavior [ RunTime:0.000562s ]
INFO: [ app_begin ] --END-- [ RunTime:0.000677s ]
INFO: [ view_parse ] --START--
INFO: [ template_filter ] --START--
INFO: Run Behavior\ContentReplaceBehavior [ RunTime:0.000071s ]
INFO: [ template_filter ] --END-- [ RunTime:0.000187s ]
INFO: Run Behavior\ParseTemplateBehavior [ RunTime:0.007349s ]
INFO: [ view_parse ] --END-- [ RunTime:0.007485s ]
INFO: [ view_filter ] --START--
INFO: Run Behavior\WriteHtmlCacheBehavior [ RunTime:0.000142s ]
INFO: [ view_filter ] --END-- [ RunTime:0.000242s ]
INFO: [ app_end ] --START--
INFO: Run Behavior\ShowPageTraceBehavior [ RunTime:0.000434s ]
INFO: [ app_end ] --END-- [ RunTime:0.000500s ]

[ 2017-09-22T16:08:32+08:00 ] ::1 /tp/index.php
INFO: [ app_init ] --START--
INFO: Run Behavior\BuildLiteBehavior [ RunTime:0.000019s ]
INFO: [ app_init ] --END-- [ RunTime:0.000321s ]
INFO: [ app_begin ] --START--
INFO: Run Behavior\ReadHtmlCacheBehavior [ RunTime:0.000354s ]
INFO: [ app_begin ] --END-- [ RunTime:0.000413s ]
ERR: 模板不存在:./Application/Home/View/Index/index.html

[ 2017-09-22T16:08:48+08:00 ] ::1 /tp/index.php
INFO: [ app_init ] --START--
INFO: Run Behavior\BuildLiteBehavior [ RunTime:0.000022s ]
INFO: [ app_init ] --END-- [ RunTime:0.000353s ]
INFO: [ app_begin ] --START--
INFO: Run Behavior\ReadHtmlCacheBehavior [ RunTime:0.000325s ]
INFO: [ app_begin ] --END-- [ RunTime:0.000393s ]
INFO: [ view_parse ] --START--
INFO: [ template_filter ] --START--
INFO: Run Behavior\ContentReplaceBehavior [ RunTime:0.000050s ]
INFO: [ template_filter ] --END-- [ RunTime:0.000115s ]
INFO: Run Behavior\ParseTemplateBehavior [ RunTime:0.005449s ]
INFO: [ view_parse ] --END-- [ RunTime:0.005564s ]
INFO: [ view_filter ] --START--
INFO: Run Behavior\WriteHtmlCacheBehavior [ RunTime:0.000114s ]
INFO: [ view_filter ] --END-- [ RunTime:0.000164s ]
INFO: [ app_end ] --START--
INFO: Run Behavior\ShowPageTraceBehavior [ RunTime:0.000292s ]
INFO: [ app_end ] --END-- [ RunTime:0.000347s ]

[ 2017-09-22T16:47:32+08:00 ] ::1 /tp/index.php
INFO: [ app_init ] --START--
INFO: Run Behavior\BuildLiteBehavior [ RunTime:0.000016s ]
INFO: [ app_init ] --END-- [ RunTime:0.000272s ]
INFO: [ app_begin ] --START--
INFO: Run Behavior\ReadHtmlCacheBehavior [ RunTime:0.000278s ]
INFO: [ app_begin ] --END-- [ RunTime:0.000340s ]
INFO: [ view_parse ] --START--
INFO: Run Behavior\ParseTemplateBehavior [ RunTime:0.000147s ]
INFO: [ view_parse ] --END-- [ RunTime:0.000207s ]
INFO: [ view_filter ] --START--
INFO: Run Behavior\WriteHtmlCacheBehavior [ RunTime:0.000105s ]
INFO: [ view_filter ] --END-- [ RunTime:0.000158s ]
INFO: [ app_end ] --START--
INFO: Run Behavior\ShowPageTraceBehavior [ RunTime:0.000304s ]
INFO: [ app_end ] --END-- [ RunTime:0.000366s ]

[ 2017-09-22T16:48:30+08:00 ] ::1 /tp/index.php/Home/Index/index
INFO: [ app_init ] --START--
INFO: Run Behavior\BuildLiteBehavior [ RunTime:0.000017s ]
INFO: [ app_init ] --END-- [ RunTime:0.000348s ]
INFO: [ app_begin ] --START--
INFO: Run Behavior\ReadHtmlCacheBehavior [ RunTime:0.000283s ]
INFO: [ app_begin ] --END-- [ RunTime:0.000346s ]
ERR: 无法加载控制器:Home

[ 2017-09-22T16:48:41+08:00 ] ::1 /tp/index.php/Index/index
INFO: [ app_init ] --START--
INFO: Run Behavior\BuildLiteBehavior [ RunTime:0.000020s ]
INFO: [ app_init ] --END-- [ RunTime:0.000287s ]
INFO: [ app_begin ] --START--
INFO: Run Behavior\ReadHtmlCacheBehavior [ RunTime:0.000260s ]
INFO: [ app_begin ] --END-- [ RunTime:0.000322s ]
INFO: [ view_parse ] --START--
INFO: Run Behavior\ParseTemplateBehavior [ RunTime:0.000161s ]
INFO: [ view_parse ] --END-- [ RunTime:0.000221s ]
INFO: [ view_filter ] --START--
INFO: Run Behavior\WriteHtmlCacheBehavior [ RunTime:0.000138s ]
INFO: [ view_filter ] --END-- [ RunTime:0.000192s ]
INFO: [ app_end ] --START--
INFO: Run Behavior\ShowPageTraceBehavior [ RunTime:0.000401s ]
INFO: [ app_end ] --END-- [ RunTime:0.000488s ]

[ 2017-09-22T16:49:05+08:00 ] ::1 /tp/index.php/Index/index
INFO: [ app_init ] --START--
INFO: Run Behavior\BuildLiteBehavior [ RunTime:0.000016s ]
INFO: [ app_init ] --END-- [ RunTime:0.000305s ]
INFO: [ app_begin ] --START--
INFO: Run Behavior\ReadHtmlCacheBehavior [ RunTime:0.000282s ]
INFO: [ app_begin ] --END-- [ RunTime:0.000345s ]
INFO: [ view_parse ] --START--
INFO: [ template_filter ] --START--
INFO: Run Behavior\ContentReplaceBehavior [ RunTime:0.000034s ]
INFO: [ template_filter ] --END-- [ RunTime:0.000105s ]
INFO: Run Behavior\ParseTemplateBehavior [ RunTime:0.002937s ]
INFO: [ view_parse ] --END-- [ RunTime:0.003002s ]
INFO: [ view_filter ] --START--
INFO: Run Behavior\WriteHtmlCacheBehavior [ RunTime:0.000128s ]
INFO: [ view_filter ] --END-- [ RunTime:0.000182s ]
INFO: [ app_end ] --START--
INFO: Run Behavior\ShowPageTraceBehavior [ RunTime:0.000324s ]
INFO: [ app_end ] --END-- [ RunTime:0.000384s ]

[ 2017-09-22T16:49:29+08:00 ] ::1 /tp/Index/index
INFO: [ app_init ] --START--
INFO: Run Behavior\BuildLiteBehavior [ RunTime:0.000059s ]
INFO: [ app_init ] --END-- [ RunTime:0.000366s ]
INFO: [ app_begin ] --START--
INFO: Run Behavior\ReadHtmlCacheBehavior [ RunTime:0.000660s ]
INFO: [ app_begin ] --END-- [ RunTime:0.000729s ]
INFO: [ view_parse ] --START--
INFO: Run Behavior\ParseTemplateBehavior [ RunTime:0.000139s ]
INFO: [ view_parse ] --END-- [ RunTime:0.000205s ]
INFO: [ view_filter ] --START--
INFO: Run Behavior\WriteHtmlCacheBehavior [ RunTime:0.000125s ]
INFO: [ view_filter ] --END-- [ RunTime:0.000183s ]
INFO: [ app_end ] --START--
INFO: Run Behavior\ShowPageTraceBehavior [ RunTime:0.000571s ]
INFO: [ app_end ] --END-- [ RunTime:0.000677s ]

[ 2017-09-22T16:49:31+08:00 ] ::1 /tp/Index/index
INFO: [ app_init ] --START--
INFO: Run Behavior\BuildLiteBehavior [ RunTime:0.000017s ]
INFO: [ app_init ] --END-- [ RunTime:0.000264s ]
INFO: [ app_begin ] --START--
INFO: Run Behavior\ReadHtmlCacheBehavior [ RunTime:0.000299s ]
INFO: [ app_begin ] --END-- [ RunTime:0.000368s ]
INFO: [ view_parse ] --START--
INFO: Run Behavior\ParseTemplateBehavior [ RunTime:0.000120s ]
INFO: [ view_parse ] --END-- [ RunTime:0.000173s ]
INFO: [ view_filter ] --START--
INFO: Run Behavior\WriteHtmlCacheBehavior [ RunTime:0.000094s ]
INFO: [ view_filter ] --END-- [ RunTime:0.000141s ]
INFO: [ app_end ] --START--
INFO: Run Behavior\ShowPageTraceBehavior [ RunTime:0.000263s ]
INFO: [ app_end ] --END-- [ RunTime:0.000314s ]

[ 2017-09-22T16:49:39+08:00 ] ::1 /tp/Admin/Index/index
INFO: [ app_init ] --START--
INFO: Run Behavior\BuildLiteBehavior [ RunTime:0.000018s ]
INFO: [ app_init ] --END-- [ RunTime:0.000287s ]
INFO: [ app_begin ] --START--
INFO: Run Behavior\ReadHtmlCacheBehavior [ RunTime:0.000330s ]
INFO: [ app_begin ] --END-- [ RunTime:0.000463s ]
ERR: 无法加载控制器:Admin

[ 2017-09-22T16:50:07+08:00 ] ::1 /tp/Index/index
INFO: [ app_init ] --START--
INFO: Run Behavior\BuildLiteBehavior [ RunTime:0.000018s ]
INFO: [ app_init ] --END-- [ RunTime:0.000346s ]
INFO: [ app_begin ] --START--
INFO: Run Behavior\ReadHtmlCacheBehavior [ RunTime:0.000297s ]
INFO: [ app_begin ] --END-- [ RunTime:0.000363s ]
INFO: [ view_parse ] --START--
INFO: Run Behavior\ParseTemplateBehavior [ RunTime:0.000155s ]
INFO: [ view_parse ] --END-- [ RunTime:0.000217s ]
INFO: [ view_filter ] --START--
INFO: Run Behavior\WriteHtmlCacheBehavior [ RunTime:0.000112s ]
INFO: [ view_filter ] --END-- [ RunTime:0.000164s ]
INFO: [ app_end ] --START--
INFO: Run Behavior\ShowPageTraceBehavior [ RunTime:0.000625s ]
INFO: [ app_end ] --END-- [ RunTime:0.000817s ]

[ 2017-09-22T16:50:51+08:00 ] ::1 /tp/home.php/Index/index
INFO: [ app_init ] --START--
INFO: Run Behavior\BuildLiteBehavior [ RunTime:0.000018s ]
INFO: [ app_init ] --END-- [ RunTime:0.000262s ]
INFO: [ app_begin ] --START--
INFO: Run Behavior\ReadHtmlCacheBehavior [ RunTime:0.000363s ]
INFO: [ app_begin ] --END-- [ RunTime:0.000482s ]
ERR: 无法加载控制器:Home.php

[ 2017-09-22T19:49:16+08:00 ] ::1 /tp/
INFO: [ app_init ] --START--
INFO: Run Behavior\BuildLiteBehavior [ RunTime:0.000021s ]
INFO: [ app_init ] --END-- [ RunTime:0.000352s ]
INFO: [ app_begin ] --START--
INFO: Run Behavior\ReadHtmlCacheBehavior [ RunTime:0.000334s ]
INFO: [ app_begin ] --END-- [ RunTime:0.000400s ]
ERR: syntax error, unexpected ')', expecting variable (T_VARIABLE)

[ 2017-09-22T19:49:52+08:00 ] ::1 /tp/
INFO: [ app_init ] --START--
INFO: Run Behavior\BuildLiteBehavior [ RunTime:0.000018s ]
INFO: [ app_init ] --END-- [ RunTime:0.000536s ]
INFO: [ app_begin ] --START--
INFO: Run Behavior\ReadHtmlCacheBehavior [ RunTime:0.000356s ]
INFO: [ app_begin ] --END-- [ RunTime:0.000419s ]
SQL: SHOW COLUMNS FROM `users` [ RunTime:0.0081s ]
SQL: SELECT * FROM `users`  [ RunTime:0.0006s ]
INFO: [ app_end ] --START--
INFO: Run Behavior\ShowPageTraceBehavior [ RunTime:0.000899s ]
INFO: [ app_end ] --END-- [ RunTime:0.001050s ]

[ 2017-09-22T20:04:19+08:00 ] ::1 /tp/
INFO: [ app_init ] --START--
INFO: Run Behavior\BuildLiteBehavior [ RunTime:0.000014s ]
INFO: [ app_init ] --END-- [ RunTime:0.000240s ]
INFO: [ app_begin ] --START--
INFO: Run Behavior\ReadHtmlCacheBehavior [ RunTime:0.000336s ]
INFO: [ app_begin ] --END-- [ RunTime:0.000396s ]
ERR: syntax error, unexpected '}'

[ 2017-09-22T20:04:51+08:00 ] ::1 /tp/
INFO: [ app_init ] --START--
INFO: Run Behavior\BuildLiteBehavior [ RunTime:0.000028s ]
INFO: [ app_init ] --END-- [ RunTime:0.000536s ]
INFO: [ app_begin ] --START--
INFO: Run Behavior\ReadHtmlCacheBehavior [ RunTime:0.000458s ]
INFO: [ app_begin ] --END-- [ RunTime:0.000568s ]
ERR: syntax error, unexpected '}'

[ 2017-09-22T20:05:09+08:00 ] ::1 /tp/
INFO: [ app_init ] --START--
INFO: Run Behavior\BuildLiteBehavior [ RunTime:0.000016s ]
INFO: [ app_init ] --END-- [ RunTime:0.000252s ]
INFO: [ app_begin ] --START--
INFO: Run Behavior\ReadHtmlCacheBehavior [ RunTime:0.000267s ]
INFO: [ app_begin ] --END-- [ RunTime:0.000330s ]
ERR: syntax error, unexpected '}'

[ 2017-09-22T20:05:48+08:00 ] ::1 /tp/
INFO: [ app_init ] --START--
INFO: Run Behavior\BuildLiteBehavior [ RunTime:0.000016s ]
INFO: [ app_init ] --END-- [ RunTime:0.000265s ]
INFO: [ app_begin ] --START--
INFO: Run Behavior\ReadHtmlCacheBehavior [ RunTime:0.000266s ]
INFO: [ app_begin ] --END-- [ RunTime:0.000326s ]
ERR: syntax error, unexpected '}'

[ 2017-09-22T20:06:07+08:00 ] ::1 /tp/
INFO: [ app_init ] --START--
INFO: Run Behavior\BuildLiteBehavior [ RunTime:0.000030s ]
INFO: [ app_init ] --END-- [ RunTime:0.000494s ]
INFO: [ app_begin ] --START--
INFO: Run Behavior\ReadHtmlCacheBehavior [ RunTime:0.000384s ]
INFO: [ app_begin ] --END-- [ RunTime:0.000495s ]
ERR: syntax error, unexpected '}'

[ 2017-09-22T20:06:08+08:00 ] ::1 /tp/
INFO: [ app_init ] --START--
INFO: Run Behavior\BuildLiteBehavior [ RunTime:0.000017s ]
INFO: [ app_init ] --END-- [ RunTime:0.000289s ]
INFO: [ app_begin ] --START--
INFO: Run Behavior\ReadHtmlCacheBehavior [ RunTime:0.000277s ]
INFO: [ app_begin ] --END-- [ RunTime:0.000339s ]
ERR: syntax error, unexpected '}'

[ 2017-09-22T20:06:28+08:00 ] ::1 /tp/
INFO: [ app_init ] --START--
INFO: Run Behavior\BuildLiteBehavior [ RunTime:0.000017s ]
INFO: [ app_init ] --END-- [ RunTime:0.000261s ]
INFO: [ app_begin ] --START--
INFO: Run Behavior\ReadHtmlCacheBehavior [ RunTime:0.000302s ]
INFO: [ app_begin ] --END-- [ RunTime:0.000368s ]
SQL: SHOW COLUMNS FROM `users` [ RunTime:0.0005s ]
SQL: SELECT * FROM `users` WHERE ( id = 1 ) LIMIT 1   [ RunTime:0.0068s ]
INFO: [ app_end ] --START--
INFO: Run Behavior\ShowPageTraceBehavior [ RunTime:0.000540s ]
INFO: [ app_end ] --END-- [ RunTime:0.000884s ]

[ 2017-09-22T20:07:03+08:00 ] ::1 /tp/
INFO: [ app_init ] --START--
INFO: Run Behavior\BuildLiteBehavior [ RunTime:0.000017s ]
INFO: [ app_init ] --END-- [ RunTime:0.000338s ]
INFO: [ app_begin ] --START--
INFO: Run Behavior\ReadHtmlCacheBehavior [ RunTime:0.000340s ]
INFO: [ app_begin ] --END-- [ RunTime:0.000428s ]
SQL: SHOW COLUMNS FROM `users` [ RunTime:0.0005s ]
SQL: SELECT * FROM `users` WHERE ( id = 1 ) LIMIT 1   [ RunTime:0.0009s ]
INFO: [ app_end ] --START--
INFO: Run Behavior\ShowPageTraceBehavior [ RunTime:0.001416s ]
INFO: [ app_end ] --END-- [ RunTime:0.001564s ]

[ 2017-09-22T20:07:26+08:00 ] ::1 /tp/
INFO: [ app_init ] --START--
INFO: Run Behavior\BuildLiteBehavior [ RunTime:0.000016s ]
INFO: [ app_init ] --END-- [ RunTime:0.000467s ]
INFO: [ app_begin ] --START--
INFO: Run Behavior\ReadHtmlCacheBehavior [ RunTime:0.000354s ]
INFO: [ app_begin ] --END-- [ RunTime:0.000426s ]
SQL: SHOW COLUMNS FROM `users` [ RunTime:0.0005s ]
SQL: SELECT * FROM `users` WHERE ( id = 1 ) LIMIT 1   [ RunTime:0.0003s ]
INFO: [ app_end ] --START--
INFO: Run Behavior\ShowPageTraceBehavior [ RunTime:0.000399s ]
INFO: [ app_end ] --END-- [ RunTime:0.000472s ]

[ 2017-09-22T20:19:26+08:00 ] ::1 /tp/
INFO: [ app_init ] --START--
INFO: Run Behavior\BuildLiteBehavior [ RunTime:0.000014s ]
INFO: [ app_init ] --END-- [ RunTime:0.000224s ]
INFO: [ app_begin ] --START--
INFO: Run Behavior\ReadHtmlCacheBehavior [ RunTime:0.000275s ]
INFO: [ app_begin ] --END-- [ RunTime:0.000332s ]
SQL: SHOW COLUMNS FROM `users` [ RunTime:0.0007s ]
SQL: SELECT * FROM `users` WHERE ( id = 1 ) LIMIT 1   [ RunTime:0.0006s ]
INFO: [ app_end ] --START--
INFO: Run Behavior\ShowPageTraceBehavior [ RunTime:0.000453s ]
INFO: [ app_end ] --END-- [ RunTime:0.000528s ]

[ 2017-09-22T20:23:29+08:00 ] ::1 /tp/
INFO: [ app_init ] --START--
INFO: Run Behavior\BuildLiteBehavior [ RunTime:0.000017s ]
INFO: [ app_init ] --END-- [ RunTime:0.000277s ]
INFO: [ app_begin ] --START--
INFO: Run Behavior\ReadHtmlCacheBehavior [ RunTime:0.000297s ]
INFO: [ app_begin ] --END-- [ RunTime:0.000365s ]
ERR: 模板不存在:./Application/Home/View/default/Index/index.html

[ 2017-09-22T20:24:51+08:00 ] ::1 /tp/
INFO: [ app_init ] --START--
INFO: Run Behavior\BuildLiteBehavior [ RunTime:0.000015s ]
INFO: [ app_init ] --END-- [ RunTime:0.000243s ]
INFO: [ app_begin ] --START--
INFO: Run Behavior\ReadHtmlCacheBehavior [ RunTime:0.000244s ]
INFO: [ app_begin ] --END-- [ RunTime:0.000302s ]
ERR: 模板不存在:./Application/Home/View/default/Index/index.html

[ 2017-09-22T20:24:52+08:00 ] ::1 /tp/
INFO: [ app_init ] --START--
INFO: Run Behavior\BuildLiteBehavior [ RunTime:0.000015s ]
INFO: [ app_init ] --END-- [ RunTime:0.000245s ]
INFO: [ app_begin ] --START--
INFO: Run Behavior\ReadHtmlCacheBehavior [ RunTime:0.000240s ]
INFO: [ app_begin ] --END-- [ RunTime:0.000296s ]
ERR: 模板不存在:./Application/Home/View/default/Index/index.html

[ 2017-09-22T20:25:09+08:00 ] ::1 /tp/
INFO: [ app_init ] --START--
INFO: Run Behavior\BuildLiteBehavior [ RunTime:0.000028s ]
INFO: [ app_init ] --END-- [ RunTime:0.000434s ]
INFO: [ app_begin ] --START--
INFO: Run Behavior\ReadHtmlCacheBehavior [ RunTime:0.000495s ]
INFO: [ app_begin ] --END-- [ RunTime:0.000610s ]
INFO: [ view_parse ] --START--
INFO: [ template_filter ] --START--
INFO: Run Behavior\ContentReplaceBehavior [ RunTime:0.000044s ]
INFO: [ template_filter ] --END-- [ RunTime:0.000135s ]
NOTIC: [8] Undefined variable: category /Users/secret/www/tp/Application/Runtime/Cache/Home/769e70f2e46f34ceb60619bbda5e4691.php 第 9 行.
NOTIC: [8] Undefined variable: article /Users/secret/www/tp/Application/Runtime/Cache/Home/769e70f2e46f34ceb60619bbda5e4691.php 第 15 行.
NOTIC: [8] Undefined variable: article /Users/secret/www/tp/Application/Runtime/Cache/Home/769e70f2e46f34ceb60619bbda5e4691.php 第 15 行.
NOTIC: [8] Undefined variable: article /Users/secret/www/tp/Application/Runtime/Cache/Home/769e70f2e46f34ceb60619bbda5e4691.php 第 17 行.
NOTIC: [8] Undefined variable: article /Users/secret/www/tp/Application/Runtime/Cache/Home/769e70f2e46f34ceb60619bbda5e4691.php 第 17 行.
NOTIC: [8] Undefined variable: article /Users/secret/www/tp/Application/Runtime/Cache/Home/769e70f2e46f34ceb60619bbda5e4691.php 第 20 行.
NOTIC: [8] Undefined variable: article /Users/secret/www/tp/Application/Runtime/Cache/Home/769e70f2e46f34ceb60619bbda5e4691.php 第 22 行.
NOTIC: [8] Undefined variable: pages /Users/secret/www/tp/Application/Runtime/Cache/Home/769e70f2e46f34ceb60619bbda5e4691.php 第 31 行.
NOTIC: [8] Undefined variable: pages /Users/secret/www/tp/Application/Runtime/Cache/Home/769e70f2e46f34ceb60619bbda5e4691.php 第 34 行.
INFO: Run Behavior\ParseTemplateBehavior [ RunTime:0.005396s ]
INFO: [ view_parse ] --END-- [ RunTime:0.005496s ]
INFO: [ view_filter ] --START--
INFO: Run Behavior\WriteHtmlCacheBehavior [ RunTime:0.000132s ]
INFO: [ view_filter ] --END-- [ RunTime:0.000186s ]
INFO: [ app_end ] --START--
INFO: Run Behavior\ShowPageTraceBehavior [ RunTime:0.000284s ]
INFO: [ app_end ] --END-- [ RunTime:0.000336s ]

[ 2017-09-22T20:27:39+08:00 ] ::1 /tp/
INFO: [ app_init ] --START--
INFO: Run Behavior\BuildLiteBehavior [ RunTime:0.000025s ]
INFO: [ app_init ] --END-- [ RunTime:0.000388s ]
INFO: [ app_begin ] --START--
INFO: Run Behavior\ReadHtmlCacheBehavior [ RunTime:0.000483s ]
INFO: [ app_begin ] --END-- [ RunTime:0.000584s ]
INFO: [ view_parse ] --START--
INFO: [ template_filter ] --START--
INFO: Run Behavior\ContentReplaceBehavior [ RunTime:0.000044s ]
INFO: [ template_filter ] --END-- [ RunTime:0.000103s ]
NOTIC: [8] Undefined variable: category /Users/secret/www/tp/Application/Runtime/Cache/Home/769e70f2e46f34ceb60619bbda5e4691.php 第 9 行.
NOTIC: [8] Undefined variable: article /Users/secret/www/tp/Application/Runtime/Cache/Home/769e70f2e46f34ceb60619bbda5e4691.php 第 15 行.
NOTIC: [8] Undefined variable: article /Users/secret/www/tp/Application/Runtime/Cache/Home/769e70f2e46f34ceb60619bbda5e4691.php 第 15 行.
NOTIC: [8] Undefined variable: article /Users/secret/www/tp/Application/Runtime/Cache/Home/769e70f2e46f34ceb60619bbda5e4691.php 第 17 行.
NOTIC: [8] Undefined variable: article /Users/secret/www/tp/Application/Runtime/Cache/Home/769e70f2e46f34ceb60619bbda5e4691.php 第 17 行.
NOTIC: [8] Undefined variable: article /Users/secret/www/tp/Application/Runtime/Cache/Home/769e70f2e46f34ceb60619bbda5e4691.php 第 20 行.
NOTIC: [8] Undefined variable: article /Users/secret/www/tp/Application/Runtime/Cache/Home/769e70f2e46f34ceb60619bbda5e4691.php 第 22 行.
NOTIC: [8] Undefined variable: pages /Users/secret/www/tp/Application/Runtime/Cache/Home/769e70f2e46f34ceb60619bbda5e4691.php 第 31 行.
NOTIC: [8] Undefined variable: pages /Users/secret/www/tp/Application/Runtime/Cache/Home/769e70f2e46f34ceb60619bbda5e4691.php 第 34 行.
INFO: Run Behavior\ParseTemplateBehavior [ RunTime:0.004928s ]
INFO: [ view_parse ] --END-- [ RunTime:0.004982s ]
INFO: [ view_filter ] --START--
INFO: Run Behavior\WriteHtmlCacheBehavior [ RunTime:0.000107s ]
INFO: [ view_filter ] --END-- [ RunTime:0.000155s ]
INFO: [ app_end ] --START--
INFO: Run Behavior\ShowPageTraceBehavior [ RunTime:0.000330s ]
INFO: [ app_end ] --END-- [ RunTime:0.000382s ]

[ 2017-09-22T20:27:55+08:00 ] ::1 /tp/
INFO: [ app_init ] --START--
INFO: Run Behavior\BuildLiteBehavior [ RunTime:0.000016s ]
INFO: [ app_init ] --END-- [ RunTime:0.000249s ]
INFO: [ app_begin ] --START--
INFO: Run Behavior\ReadHtmlCacheBehavior [ RunTime:0.000276s ]
INFO: [ app_begin ] --END-- [ RunTime:0.000339s ]
INFO: [ view_parse ] --START--
NOTIC: [2] file_get_contents(./Application/Home/View/../layouts/_head.tpl.html): failed to open stream: No such file or directory /Users/secret/www/tp/ThinkPHP/Library/Think/Template.class.php 第 696 行.
INFO: [ template_filter ] --START--
INFO: Run Behavior\ContentReplaceBehavior [ RunTime:0.000037s ]
INFO: [ template_filter ] --END-- [ RunTime:0.000098s ]
NOTIC: [8] Undefined variable: category /Users/secret/www/tp/Application/Runtime/Cache/Home/769e70f2e46f34ceb60619bbda5e4691.php 第 9 行.
NOTIC: [8] Undefined variable: article /Users/secret/www/tp/Application/Runtime/Cache/Home/769e70f2e46f34ceb60619bbda5e4691.php 第 15 行.
NOTIC: [8] Undefined variable: article /Users/secret/www/tp/Application/Runtime/Cache/Home/769e70f2e46f34ceb60619bbda5e4691.php 第 15 行.
NOTIC: [8] Undefined variable: article /Users/secret/www/tp/Application/Runtime/Cache/Home/769e70f2e46f34ceb60619bbda5e4691.php 第 17 行.
NOTIC: [8] Undefined variable: article /Users/secret/www/tp/Application/Runtime/Cache/Home/769e70f2e46f34ceb60619bbda5e4691.php 第 17 行.
NOTIC: [8] Undefined variable: article /Users/secret/www/tp/Application/Runtime/Cache/Home/769e70f2e46f34ceb60619bbda5e4691.php 第 20 行.
NOTIC: [8] Undefined variable: article /Users/secret/www/tp/Application/Runtime/Cache/Home/769e70f2e46f34ceb60619bbda5e4691.php 第 22 行.
NOTIC: [8] Undefined variable: pages /Users/secret/www/tp/Application/Runtime/Cache/Home/769e70f2e46f34ceb60619bbda5e4691.php 第 31 行.
NOTIC: [8] Undefined variable: pages /Users/secret/www/tp/Application/Runtime/Cache/Home/769e70f2e46f34ceb60619bbda5e4691.php 第 34 行.
INFO: Run Behavior\ParseTemplateBehavior [ RunTime:0.014249s ]
INFO: [ view_parse ] --END-- [ RunTime:0.014306s ]
INFO: [ view_filter ] --START--
INFO: Run Behavior\WriteHtmlCacheBehavior [ RunTime:0.000119s ]
INFO: [ view_filter ] --END-- [ RunTime:0.000169s ]
INFO: [ app_end ] --START--
INFO: Run Behavior\ShowPageTraceBehavior [ RunTime:0.000287s ]
INFO: [ app_end ] --END-- [ RunTime:0.000339s ]

[ 2017-09-22T20:28:27+08:00 ] ::1 /tp/
INFO: [ app_init ] --START--
INFO: Run Behavior\BuildLiteBehavior [ RunTime:0.000067s ]
INFO: [ app_init ] --END-- [ RunTime:0.000573s ]
INFO: [ app_begin ] --START--
INFO: Run Behavior\ReadHtmlCacheBehavior [ RunTime:0.000494s ]
INFO: [ app_begin ] --END-- [ RunTime:0.000662s ]
INFO: [ view_parse ] --START--
NOTIC: [2] file_get_contents(../layouts/_head.html): failed to open stream: No such file or directory /Users/secret/www/tp/ThinkPHP/Library/Think/Template.class.php 第 696 行.
INFO: [ template_filter ] --START--
INFO: Run Behavior\ContentReplaceBehavior [ RunTime:0.000047s ]
INFO: [ template_filter ] --END-- [ RunTime:0.000108s ]
NOTIC: [8] Undefined variable: category /Users/secret/www/tp/Application/Runtime/Cache/Home/769e70f2e46f34ceb60619bbda5e4691.php 第 9 行.
NOTIC: [8] Undefined variable: article /Users/secret/www/tp/Application/Runtime/Cache/Home/769e70f2e46f34ceb60619bbda5e4691.php 第 15 行.
NOTIC: [8] Undefined variable: article /Users/secret/www/tp/Application/Runtime/Cache/Home/769e70f2e46f34ceb60619bbda5e4691.php 第 15 行.
NOTIC: [8] Undefined variable: article /Users/secret/www/tp/Application/Runtime/Cache/Home/769e70f2e46f34ceb60619bbda5e4691.php 第 17 行.
NOTIC: [8] Undefined variable: article /Users/secret/www/tp/Application/Runtime/Cache/Home/769e70f2e46f34ceb60619bbda5e4691.php 第 17 行.
NOTIC: [8] Undefined variable: article /Users/secret/www/tp/Application/Runtime/Cache/Home/769e70f2e46f34ceb60619bbda5e4691.php 第 20 行.
NOTIC: [8] Undefined variable: article /Users/secret/www/tp/Application/Runtime/Cache/Home/769e70f2e46f34ceb60619bbda5e4691.php 第 22 行.
NOTIC: [8] Undefined variable: pages /Users/secret/www/tp/Application/Runtime/Cache/Home/769e70f2e46f34ceb60619bbda5e4691.php 第 31 行.
NOTIC: [8] Undefined variable: pages /Users/secret/www/tp/Application/Runtime/Cache/Home/769e70f2e46f34ceb60619bbda5e4691.php 第 34 行.
INFO: Run Behavior\ParseTemplateBehavior [ RunTime:0.005878s ]
INFO: [ view_parse ] --END-- [ RunTime:0.005936s ]
INFO: [ view_filter ] --START--
INFO: Run Behavior\WriteHtmlCacheBehavior [ RunTime:0.000116s ]
INFO: [ view_filter ] --END-- [ RunTime:0.000176s ]
INFO: [ app_end ] --START--
INFO: Run Behavior\ShowPageTraceBehavior [ RunTime:0.000282s ]
INFO: [ app_end ] --END-- [ RunTime:0.000336s ]

[ 2017-09-22T20:28:51+08:00 ] ::1 /tp/
INFO: [ app_init ] --START--
INFO: Run Behavior\BuildLiteBehavior [ RunTime:0.000016s ]
INFO: [ app_init ] --END-- [ RunTime:0.000285s ]
INFO: [ app_begin ] --START--
INFO: Run Behavior\ReadHtmlCacheBehavior [ RunTime:0.000286s ]
INFO: [ app_begin ] --END-- [ RunTime:0.000346s ]
INFO: [ view_parse ] --START--
NOTIC: [2] file_get_contents(../layouts/_head.html): failed to open stream: No such file or directory /Users/secret/www/tp/ThinkPHP/Library/Think/Template.class.php 第 696 行.
INFO: [ template_filter ] --START--
INFO: Run Behavior\ContentReplaceBehavior [ RunTime:0.000035s ]
INFO: [ template_filter ] --END-- [ RunTime:0.000091s ]
NOTIC: [8] Undefined variable: category /Users/secret/www/tp/Application/Runtime/Cache/Home/769e70f2e46f34ceb60619bbda5e4691.php 第 7 行.
NOTIC: [8] Undefined variable: article /Users/secret/www/tp/Application/Runtime/Cache/Home/769e70f2e46f34ceb60619bbda5e4691.php 第 13 行.
NOTIC: [8] Undefined variable: article /Users/secret/www/tp/Application/Runtime/Cache/Home/769e70f2e46f34ceb60619bbda5e4691.php 第 13 行.
NOTIC: [8] Undefined variable: article /Users/secret/www/tp/Application/Runtime/Cache/Home/769e70f2e46f34ceb60619bbda5e4691.php 第 15 行.
NOTIC: [8] Undefined variable: article /Users/secret/www/tp/Application/Runtime/Cache/Home/769e70f2e46f34ceb60619bbda5e4691.php 第 15 行.
NOTIC: [8] Undefined variable: article /Users/secret/www/tp/Application/Runtime/Cache/Home/769e70f2e46f34ceb60619bbda5e4691.php 第 18 行.
NOTIC: [8] Undefined variable: article /Users/secret/www/tp/Application/Runtime/Cache/Home/769e70f2e46f34ceb60619bbda5e4691.php 第 20 行.
NOTIC: [8] Undefined variable: pages /Users/secret/www/tp/Application/Runtime/Cache/Home/769e70f2e46f34ceb60619bbda5e4691.php 第 29 行.
NOTIC: [8] Undefined variable: pages /Users/secret/www/tp/Application/Runtime/Cache/Home/769e70f2e46f34ceb60619bbda5e4691.php 第 32 行.
INFO: Run Behavior\ParseTemplateBehavior [ RunTime:0.003616s ]
INFO: [ view_parse ] --END-- [ RunTime:0.003669s ]
INFO: [ view_filter ] --START--
INFO: Run Behavior\WriteHtmlCacheBehavior [ RunTime:0.000107s ]
INFO: [ view_filter ] --END-- [ RunTime:0.000153s ]
INFO: [ app_end ] --START--
INFO: Run Behavior\ShowPageTraceBehavior [ RunTime:0.000276s ]
INFO: [ app_end ] --END-- [ RunTime:0.000329s ]

[ 2017-09-22T20:29:55+08:00 ] ::1 /tp/
INFO: [ app_init ] --START--
INFO: Run Behavior\BuildLiteBehavior [ RunTime:0.000015s ]
INFO: [ app_init ] --END-- [ RunTime:0.000331s ]
INFO: [ app_begin ] --START--
INFO: Run Behavior\ReadHtmlCacheBehavior [ RunTime:0.000253s ]
INFO: [ app_begin ] --END-- [ RunTime:0.000312s ]
INFO: [ view_parse ] --START--
NOTIC: [2] file_get_contents(layouts/_head.html): failed to open stream: No such file or directory /Users/secret/www/tp/ThinkPHP/Library/Think/Template.class.php 第 696 行.
INFO: [ template_filter ] --START--
INFO: Run Behavior\ContentReplaceBehavior [ RunTime:0.000109s ]
INFO: [ template_filter ] --END-- [ RunTime:0.000248s ]
NOTIC: [8] Undefined variable: category /Users/secret/www/tp/Application/Runtime/Cache/Home/769e70f2e46f34ceb60619bbda5e4691.php 第 7 行.
NOTIC: [8] Undefined variable: article /Users/secret/www/tp/Application/Runtime/Cache/Home/769e70f2e46f34ceb60619bbda5e4691.php 第 13 行.
NOTIC: [8] Undefined variable: article /Users/secret/www/tp/Application/Runtime/Cache/Home/769e70f2e46f34ceb60619bbda5e4691.php 第 13 行.
NOTIC: [8] Undefined variable: article /Users/secret/www/tp/Application/Runtime/Cache/Home/769e70f2e46f34ceb60619bbda5e4691.php 第 15 行.
NOTIC: [8] Undefined variable: article /Users/secret/www/tp/Application/Runtime/Cache/Home/769e70f2e46f34ceb60619bbda5e4691.php 第 15 行.
NOTIC: [8] Undefined variable: article /Users/secret/www/tp/Application/Runtime/Cache/Home/769e70f2e46f34ceb60619bbda5e4691.php 第 18 行.
NOTIC: [8] Undefined variable: article /Users/secret/www/tp/Application/Runtime/Cache/Home/769e70f2e46f34ceb60619bbda5e4691.php 第 20 行.
NOTIC: [8] Undefined variable: pages /Users/secret/www/tp/Application/Runtime/Cache/Home/769e70f2e46f34ceb60619bbda5e4691.php 第 29 行.
NOTIC: [8] Undefined variable: pages /Users/secret/www/tp/Application/Runtime/Cache/Home/769e70f2e46f34ceb60619bbda5e4691.php 第 32 行.
INFO: Run Behavior\ParseTemplateBehavior [ RunTime:0.005338s ]
INFO: [ view_parse ] --END-- [ RunTime:0.005395s ]
INFO: [ view_filter ] --START--
INFO: Run Behavior\WriteHtmlCacheBehavior [ RunTime:0.000209s ]
INFO: [ view_filter ] --END-- [ RunTime:0.000278s ]
INFO: [ app_end ] --START--
INFO: Run Behavior\ShowPageTraceBehavior [ RunTime:0.000432s ]
INFO: [ app_end ] --END-- [ RunTime:0.000493s ]

[ 2017-09-22T20:30:23+08:00 ] ::1 /tp/
INFO: [ app_init ] --START--
INFO: Run Behavior\BuildLiteBehavior [ RunTime:0.000016s ]
INFO: [ app_init ] --END-- [ RunTime:0.000243s ]
INFO: [ app_begin ] --START--
INFO: Run Behavior\ReadHtmlCacheBehavior [ RunTime:0.000250s ]
INFO: [ app_begin ] --END-- [ RunTime:0.000308s ]
INFO: [ view_parse ] --START--
NOTIC: [2] file_get_contents(layouts/_head.html): failed to open stream: No such file or directory /Users/secret/www/tp/ThinkPHP/Library/Think/Template.class.php 第 696 行.
INFO: [ template_filter ] --START--
INFO: Run Behavior\ContentReplaceBehavior [ RunTime:0.000033s ]
INFO: [ template_filter ] --END-- [ RunTime:0.000089s ]
NOTIC: [8] Undefined variable: category /Users/secret/www/tp/Application/Runtime/Cache/Home/769e70f2e46f34ceb60619bbda5e4691.php 第 7 行.
NOTIC: [8] Undefined variable: article /Users/secret/www/tp/Application/Runtime/Cache/Home/769e70f2e46f34ceb60619bbda5e4691.php 第 13 行.
NOTIC: [8] Undefined variable: article /Users/secret/www/tp/Application/Runtime/Cache/Home/769e70f2e46f34ceb60619bbda5e4691.php 第 13 行.
NOTIC: [8] Undefined variable: article /Users/secret/www/tp/Application/Runtime/Cache/Home/769e70f2e46f34ceb60619bbda5e4691.php 第 15 行.
NOTIC: [8] Undefined variable: article /Users/secret/www/tp/Application/Runtime/Cache/Home/769e70f2e46f34ceb60619bbda5e4691.php 第 15 行.
NOTIC: [8] Undefined variable: article /Users/secret/www/tp/Application/Runtime/Cache/Home/769e70f2e46f34ceb60619bbda5e4691.php 第 18 行.
NOTIC: [8] Undefined variable: article /Users/secret/www/tp/Application/Runtime/Cache/Home/769e70f2e46f34ceb60619bbda5e4691.php 第 20 行.
NOTIC: [8] Undefined variable: pages /Users/secret/www/tp/Application/Runtime/Cache/Home/769e70f2e46f34ceb60619bbda5e4691.php 第 29 行.
NOTIC: [8] Undefined variable: pages /Users/secret/www/tp/Application/Runtime/Cache/Home/769e70f2e46f34ceb60619bbda5e4691.php 第 32 行.
INFO: Run Behavior\ParseTemplateBehavior [ RunTime:0.003482s ]
INFO: [ view_parse ] --END-- [ RunTime:0.003535s ]
INFO: [ view_filter ] --START--
INFO: Run Behavior\WriteHtmlCacheBehavior [ RunTime:0.000114s ]
INFO: [ view_filter ] --END-- [ RunTime:0.000168s ]
INFO: [ app_end ] --START--
INFO: Run Behavior\ShowPageTraceBehavior [ RunTime:0.000300s ]
INFO: [ app_end ] --END-- [ RunTime:0.000356s ]

[ 2017-09-22T20:30:46+08:00 ] ::1 /tp/
INFO: [ app_init ] --START--
INFO: Run Behavior\BuildLiteBehavior [ RunTime:0.000028s ]
INFO: [ app_init ] --END-- [ RunTime:0.000579s ]
INFO: [ app_begin ] --START--
INFO: Run Behavior\ReadHtmlCacheBehavior [ RunTime:0.000310s ]
INFO: [ app_begin ] --END-- [ RunTime:0.000386s ]
INFO: [ view_parse ] --START--
NOTIC: [2] file_get_contents(layouts/_head.html): failed to open stream: No such file or directory /Users/secret/www/tp/ThinkPHP/Library/Think/Template.class.php 第 696 行.
INFO: [ template_filter ] --START--
INFO: Run Behavior\ContentReplaceBehavior [ RunTime:0.000048s ]
INFO: [ template_filter ] --END-- [ RunTime:0.000111s ]
NOTIC: [8] Undefined variable: category /Users/secret/www/tp/Application/Runtime/Cache/Home/769e70f2e46f34ceb60619bbda5e4691.php 第 7 行.
NOTIC: [8] Undefined variable: article /Users/secret/www/tp/Application/Runtime/Cache/Home/769e70f2e46f34ceb60619bbda5e4691.php 第 13 行.
NOTIC: [8] Undefined variable: article /Users/secret/www/tp/Application/Runtime/Cache/Home/769e70f2e46f34ceb60619bbda5e4691.php 第 13 行.
NOTIC: [8] Undefined variable: article /Users/secret/www/tp/Application/Runtime/Cache/Home/769e70f2e46f34ceb60619bbda5e4691.php 第 15 行.
NOTIC: [8] Undefined variable: article /Users/secret/www/tp/Application/Runtime/Cache/Home/769e70f2e46f34ceb60619bbda5e4691.php 第 15 行.
NOTIC: [8] Undefined variable: article /Users/secret/www/tp/Application/Runtime/Cache/Home/769e70f2e46f34ceb60619bbda5e4691.php 第 18 行.
NOTIC: [8] Undefined variable: article /Users/secret/www/tp/Application/Runtime/Cache/Home/769e70f2e46f34ceb60619bbda5e4691.php 第 20 行.
NOTIC: [8] Undefined variable: pages /Users/secret/www/tp/Application/Runtime/Cache/Home/769e70f2e46f34ceb60619bbda5e4691.php 第 29 行.
NOTIC: [8] Undefined variable: pages /Users/secret/www/tp/Application/Runtime/Cache/Home/769e70f2e46f34ceb60619bbda5e4691.php 第 32 行.
INFO: Run Behavior\ParseTemplateBehavior [ RunTime:0.005083s ]
INFO: [ view_parse ] --END-- [ RunTime:0.005140s ]
INFO: [ view_filter ] --START--
INFO: Run Behavior\WriteHtmlCacheBehavior [ RunTime:0.000112s ]
INFO: [ view_filter ] --END-- [ RunTime:0.000162s ]
INFO: [ app_end ] --START--
INFO: Run Behavior\ShowPageTraceBehavior [ RunTime:0.000351s ]
INFO: [ app_end ] --END-- [ RunTime:0.000408s ]

[ 2017-09-22T20:31:44+08:00 ] ::1 /tp/
INFO: [ app_init ] --START--
INFO: Run Behavior\BuildLiteBehavior [ RunTime:0.000019s ]
INFO: [ app_init ] --END-- [ RunTime:0.000296s ]
INFO: [ app_begin ] --START--
INFO: Run Behavior\ReadHtmlCacheBehavior [ RunTime:0.000314s ]
INFO: [ app_begin ] --END-- [ RunTime:0.000386s ]
INFO: [ view_parse ] --START--
INFO: [ template_filter ] --START--
INFO: Run Behavior\ContentReplaceBehavior [ RunTime:0.000043s ]
INFO: [ template_filter ] --END-- [ RunTime:0.000113s ]
NOTIC: [8] Undefined variable: category /Users/secret/www/tp/Application/Runtime/Cache/Home/769e70f2e46f34ceb60619bbda5e4691.php 第 20 行.
NOTIC: [8] Undefined variable: article /Users/secret/www/tp/Application/Runtime/Cache/Home/769e70f2e46f34ceb60619bbda5e4691.php 第 26 行.
NOTIC: [8] Undefined variable: article /Users/secret/www/tp/Application/Runtime/Cache/Home/769e70f2e46f34ceb60619bbda5e4691.php 第 26 行.
NOTIC: [8] Undefined variable: article /Users/secret/www/tp/Application/Runtime/Cache/Home/769e70f2e46f34ceb60619bbda5e4691.php 第 28 行.
NOTIC: [8] Undefined variable: article /Users/secret/www/tp/Application/Runtime/Cache/Home/769e70f2e46f34ceb60619bbda5e4691.php 第 28 行.
NOTIC: [8] Undefined variable: article /Users/secret/www/tp/Application/Runtime/Cache/Home/769e70f2e46f34ceb60619bbda5e4691.php 第 31 行.
NOTIC: [8] Undefined variable: article /Users/secret/www/tp/Application/Runtime/Cache/Home/769e70f2e46f34ceb60619bbda5e4691.php 第 33 行.
NOTIC: [8] Undefined variable: pages /Users/secret/www/tp/Application/Runtime/Cache/Home/769e70f2e46f34ceb60619bbda5e4691.php 第 42 行.
NOTIC: [8] Undefined variable: pages /Users/secret/www/tp/Application/Runtime/Cache/Home/769e70f2e46f34ceb60619bbda5e4691.php 第 45 行.
INFO: Run Behavior\ParseTemplateBehavior [ RunTime:0.005673s ]
INFO: [ view_parse ] --END-- [ RunTime:0.005743s ]
INFO: [ view_filter ] --START--
INFO: Run Behavior\WriteHtmlCacheBehavior [ RunTime:0.000174s ]
INFO: [ view_filter ] --END-- [ RunTime:0.000233s ]
INFO: [ app_end ] --START--
INFO: Run Behavior\ShowPageTraceBehavior [ RunTime:0.000812s ]
INFO: [ app_end ] --END-- [ RunTime:0.000924s ]

[ 2017-09-22T20:31:44+08:00 ] ::1 /tp/assets/css/animate.min.css
INFO: [ app_init ] --START--
INFO: Run Behavior\BuildLiteBehavior [ RunTime:0.000026s ]
INFO: [ app_init ] --END-- [ RunTime:0.000461s ]
INFO: [ app_begin ] --START--
INFO: Run Behavior\ReadHtmlCacheBehavior [ RunTime:0.000670s ]
INFO: [ app_begin ] --END-- [ RunTime:0.000808s ]
ERR: 无法加载控制器:Assets

[ 2017-09-22T20:31:44+08:00 ] ::1 /tp/assets/css/reply.css
INFO: [ app_init ] --START--
INFO: Run Behavior\BuildLiteBehavior [ RunTime:0.000027s ]
INFO: [ app_init ] --END-- [ RunTime:0.000818s ]
INFO: [ app_begin ] --START--
INFO: Run Behavior\ReadHtmlCacheBehavior [ RunTime:0.001702s ]
INFO: [ app_begin ] --END-- [ RunTime:0.001902s ]
ERR: 无法加载控制器:Assets

[ 2017-09-22T20:31:44+08:00 ] ::1 /tp/assets/css/app.css
INFO: [ app_init ] --START--
INFO: Run Behavior\BuildLiteBehavior [ RunTime:0.000026s ]
INFO: [ app_init ] --END-- [ RunTime:0.000391s ]
INFO: [ app_begin ] --START--
INFO: Run Behavior\ReadHtmlCacheBehavior [ RunTime:0.000691s ]
INFO: [ app_begin ] --END-- [ RunTime:0.000906s ]
ERR: 无法加载控制器:Assets

[ 2017-09-22T20:31:44+08:00 ] ::1 /tp/assets/css/dialog.css
INFO: [ app_init ] --START--
INFO: Run Behavior\BuildLiteBehavior [ RunTime:0.000028s ]
INFO: [ app_init ] --END-- [ RunTime:0.000440s ]
INFO: [ app_begin ] --START--
INFO: Run Behavior\ReadHtmlCacheBehavior [ RunTime:0.000526s ]
INFO: [ app_begin ] --END-- [ RunTime:0.000613s ]
ERR: 无法加载控制器:Assets

[ 2017-09-22T20:32:05+08:00 ] ::1 /tp/
INFO: [ app_init ] --START--
INFO: Run Behavior\BuildLiteBehavior [ RunTime:0.000021s ]
INFO: [ app_init ] --END-- [ RunTime:0.000481s ]
INFO: [ app_begin ] --START--
INFO: Run Behavior\ReadHtmlCacheBehavior [ RunTime:0.000563s ]
INFO: [ app_begin ] --END-- [ RunTime:0.000755s ]
INFO: [ view_parse ] --START--
NOTIC: [2] file_get_contents(default/layouts/_head.html): failed to open stream: No such file or directory /Users/secret/www/tp/ThinkPHP/Library/Think/Template.class.php 第 696 行.
INFO: [ template_filter ] --START--
INFO: Run Behavior\ContentReplaceBehavior [ RunTime:0.000035s ]
INFO: [ template_filter ] --END-- [ RunTime:0.000092s ]
NOTIC: [8] Undefined variable: category /Users/secret/www/tp/Application/Runtime/Cache/Home/769e70f2e46f34ceb60619bbda5e4691.php 第 7 行.
NOTIC: [8] Undefined variable: article /Users/secret/www/tp/Application/Runtime/Cache/Home/769e70f2e46f34ceb60619bbda5e4691.php 第 13 行.
NOTIC: [8] Undefined variable: article /Users/secret/www/tp/Application/Runtime/Cache/Home/769e70f2e46f34ceb60619bbda5e4691.php 第 13 行.
NOTIC: [8] Undefined variable: article /Users/secret/www/tp/Application/Runtime/Cache/Home/769e70f2e46f34ceb60619bbda5e4691.php 第 15 行.
NOTIC: [8] Undefined variable: article /Users/secret/www/tp/Application/Runtime/Cache/Home/769e70f2e46f34ceb60619bbda5e4691.php 第 15 行.
NOTIC: [8] Undefined variable: article /Users/secret/www/tp/Application/Runtime/Cache/Home/769e70f2e46f34ceb60619bbda5e4691.php 第 18 行.
NOTIC: [8] Undefined variable: article /Users/secret/www/tp/Application/Runtime/Cache/Home/769e70f2e46f34ceb60619bbda5e4691.php 第 20 行.
NOTIC: [8] Undefined variable: pages /Users/secret/www/tp/Application/Runtime/Cache/Home/769e70f2e46f34ceb60619bbda5e4691.php 第 29 行.
NOTIC: [8] Undefined variable: pages /Users/secret/www/tp/Application/Runtime/Cache/Home/769e70f2e46f34ceb60619bbda5e4691.php 第 32 行.
INFO: Run Behavior\ParseTemplateBehavior [ RunTime:0.005215s ]
INFO: [ view_parse ] --END-- [ RunTime:0.005270s ]
INFO: [ view_filter ] --START--
INFO: Run Behavior\WriteHtmlCacheBehavior [ RunTime:0.000111s ]
INFO: [ view_filter ] --END-- [ RunTime:0.000160s ]
INFO: [ app_end ] --START--
INFO: Run Behavior\ShowPageTraceBehavior [ RunTime:0.000276s ]
INFO: [ app_end ] --END-- [ RunTime:0.000329s ]

[ 2017-09-22T20:32:14+08:00 ] ::1 /tp/
INFO: [ app_init ] --START--
INFO: Run Behavior\BuildLiteBehavior [ RunTime:0.000017s ]
INFO: [ app_init ] --END-- [ RunTime:0.000251s ]
INFO: [ app_begin ] --START--
INFO: Run Behavior\ReadHtmlCacheBehavior [ RunTime:0.000266s ]
INFO: [ app_begin ] --END-- [ RunTime:0.000326s ]
INFO: [ view_parse ] --START--
NOTIC: [2] file_get_contents(./default/layouts/_head.html): failed to open stream: No such file or directory /Users/secret/www/tp/ThinkPHP/Library/Think/Template.class.php 第 696 行.
INFO: [ template_filter ] --START--
INFO: Run Behavior\ContentReplaceBehavior [ RunTime:0.000040s ]
INFO: [ template_filter ] --END-- [ RunTime:0.000112s ]
NOTIC: [8] Undefined variable: category /Users/secret/www/tp/Application/Runtime/Cache/Home/769e70f2e46f34ceb60619bbda5e4691.php 第 7 行.
NOTIC: [8] Undefined variable: article /Users/secret/www/tp/Application/Runtime/Cache/Home/769e70f2e46f34ceb60619bbda5e4691.php 第 13 行.
NOTIC: [8] Undefined variable: article /Users/secret/www/tp/Application/Runtime/Cache/Home/769e70f2e46f34ceb60619bbda5e4691.php 第 13 行.
NOTIC: [8] Undefined variable: article /Users/secret/www/tp/Application/Runtime/Cache/Home/769e70f2e46f34ceb60619bbda5e4691.php 第 15 行.
NOTIC: [8] Undefined variable: article /Users/secret/www/tp/Application/Runtime/Cache/Home/769e70f2e46f34ceb60619bbda5e4691.php 第 15 行.
NOTIC: [8] Undefined variable: article /Users/secret/www/tp/Application/Runtime/Cache/Home/769e70f2e46f34ceb60619bbda5e4691.php 第 18 行.
NOTIC: [8] Undefined variable: article /Users/secret/www/tp/Application/Runtime/Cache/Home/769e70f2e46f34ceb60619bbda5e4691.php 第 20 行.
NOTIC: [8] Undefined variable: pages /Users/secret/www/tp/Application/Runtime/Cache/Home/769e70f2e46f34ceb60619bbda5e4691.php 第 29 行.
NOTIC: [8] Undefined variable: pages /Users/secret/www/tp/Application/Runtime/Cache/Home/769e70f2e46f34ceb60619bbda5e4691.php 第 32 行.
INFO: Run Behavior\ParseTemplateBehavior [ RunTime:0.010925s ]
INFO: [ view_parse ] --END-- [ RunTime:0.010991s ]
INFO: [ view_filter ] --START--
INFO: Run Behavior\WriteHtmlCacheBehavior [ RunTime:0.000143s ]
INFO: [ view_filter ] --END-- [ RunTime:0.000203s ]
INFO: [ app_end ] --START--
INFO: Run Behavior\ShowPageTraceBehavior [ RunTime:0.000325s ]
INFO: [ app_end ] --END-- [ RunTime:0.000383s ]

[ 2017-09-22T20:33:20+08:00 ] ::1 /tp/
INFO: [ app_init ] --START--
INFO: Run Behavior\BuildLiteBehavior [ RunTime:0.000014s ]
INFO: [ app_init ] --END-- [ RunTime:0.000242s ]
INFO: [ app_begin ] --START--
INFO: Run Behavior\ReadHtmlCacheBehavior [ RunTime:0.000301s ]
INFO: [ app_begin ] --END-- [ RunTime:0.000367s ]
INFO: [ view_parse ] --START--
NOTIC: [2] file_get_contents(Default/layouts/_head.html): failed to open stream: No such file or directory /Users/secret/www/tp/ThinkPHP/Library/Think/Template.class.php 第 696 行.
INFO: [ template_filter ] --START--
INFO: Run Behavior\ContentReplaceBehavior [ RunTime:0.000034s ]
INFO: [ template_filter ] --END-- [ RunTime:0.000090s ]
NOTIC: [8] Undefined variable: category /Users/secret/www/tp/Application/Runtime/Cache/Home/769e70f2e46f34ceb60619bbda5e4691.php 第 7 行.
NOTIC: [8] Undefined variable: article /Users/secret/www/tp/Application/Runtime/Cache/Home/769e70f2e46f34ceb60619bbda5e4691.php 第 13 行.
NOTIC: [8] Undefined variable: article /Users/secret/www/tp/Application/Runtime/Cache/Home/769e70f2e46f34ceb60619bbda5e4691.php 第 13 行.
NOTIC: [8] Undefined variable: article /Users/secret/www/tp/Application/Runtime/Cache/Home/769e70f2e46f34ceb60619bbda5e4691.php 第 15 行.
NOTIC: [8] Undefined variable: article /Users/secret/www/tp/Application/Runtime/Cache/Home/769e70f2e46f34ceb60619bbda5e4691.php 第 15 行.
NOTIC: [8] Undefined variable: article /Users/secret/www/tp/Application/Runtime/Cache/Home/769e70f2e46f34ceb60619bbda5e4691.php 第 18 行.
NOTIC: [8] Undefined variable: article /Users/secret/www/tp/Application/Runtime/Cache/Home/769e70f2e46f34ceb60619bbda5e4691.php 第 20 行.
NOTIC: [8] Undefined variable: pages /Users/secret/www/tp/Application/Runtime/Cache/Home/769e70f2e46f34ceb60619bbda5e4691.php 第 29 行.
NOTIC: [8] Undefined variable: pages /Users/secret/www/tp/Application/Runtime/Cache/Home/769e70f2e46f34ceb60619bbda5e4691.php 第 32 行.
INFO: Run Behavior\ParseTemplateBehavior [ RunTime:0.003579s ]
INFO: [ view_parse ] --END-- [ RunTime:0.003635s ]
INFO: [ view_filter ] --START--
INFO: Run Behavior\WriteHtmlCacheBehavior [ RunTime:0.000106s ]
INFO: [ view_filter ] --END-- [ RunTime:0.000156s ]
INFO: [ app_end ] --START--
INFO: Run Behavior\ShowPageTraceBehavior [ RunTime:0.000276s ]
INFO: [ app_end ] --END-- [ RunTime:0.000329s ]

[ 2017-09-22T20:33:25+08:00 ] ::1 /tp/
INFO: [ app_init ] --START--
INFO: Run Behavior\BuildLiteBehavior [ RunTime:0.000022s ]
INFO: [ app_init ] --END-- [ RunTime:0.000287s ]
INFO: [ app_begin ] --START--
INFO: Run Behavior\ReadHtmlCacheBehavior [ RunTime:0.000485s ]
INFO: [ app_begin ] --END-- [ RunTime:0.000692s ]
INFO: [ view_parse ] --START--
INFO: [ template_filter ] --START--
INFO: Run Behavior\ContentReplaceBehavior [ RunTime:0.000039s ]
INFO: [ template_filter ] --END-- [ RunTime:0.000100s ]
NOTIC: [8] Undefined variable: category /Users/secret/www/tp/Application/Runtime/Cache/Home/769e70f2e46f34ceb60619bbda5e4691.php 第 20 行.
NOTIC: [8] Undefined variable: article /Users/secret/www/tp/Application/Runtime/Cache/Home/769e70f2e46f34ceb60619bbda5e4691.php 第 26 行.
NOTIC: [8] Undefined variable: article /Users/secret/www/tp/Application/Runtime/Cache/Home/769e70f2e46f34ceb60619bbda5e4691.php 第 26 行.
NOTIC: [8] Undefined variable: article /Users/secret/www/tp/Application/Runtime/Cache/Home/769e70f2e46f34ceb60619bbda5e4691.php 第 28 行.
NOTIC: [8] Undefined variable: article /Users/secret/www/tp/Application/Runtime/Cache/Home/769e70f2e46f34ceb60619bbda5e4691.php 第 28 行.
NOTIC: [8] Undefined variable: article /Users/secret/www/tp/Application/Runtime/Cache/Home/769e70f2e46f34ceb60619bbda5e4691.php 第 31 行.
NOTIC: [8] Undefined variable: article /Users/secret/www/tp/Application/Runtime/Cache/Home/769e70f2e46f34ceb60619bbda5e4691.php 第 33 行.
NOTIC: [8] Undefined variable: pages /Users/secret/www/tp/Application/Runtime/Cache/Home/769e70f2e46f34ceb60619bbda5e4691.php 第 42 行.
NOTIC: [8] Undefined variable: pages /Users/secret/www/tp/Application/Runtime/Cache/Home/769e70f2e46f34ceb60619bbda5e4691.php 第 45 行.
INFO: Run Behavior\ParseTemplateBehavior [ RunTime:0.005162s ]
INFO: [ view_parse ] --END-- [ RunTime:0.005251s ]
INFO: [ view_filter ] --START--
INFO: Run Behavior\WriteHtmlCacheBehavior [ RunTime:0.000109s ]
INFO: [ view_filter ] --END-- [ RunTime:0.000158s ]
INFO: [ app_end ] --START--
INFO: Run Behavior\ShowPageTraceBehavior [ RunTime:0.000277s ]
INFO: [ app_end ] --END-- [ RunTime:0.000329s ]

[ 2017-09-22T20:33:25+08:00 ] ::1 /tp/assets/css/app.css
INFO: [ app_init ] --START--
INFO: Run Behavior\BuildLiteBehavior [ RunTime:0.000029s ]
INFO: [ app_init ] --END-- [ RunTime:0.000474s ]
INFO: [ app_begin ] --START--
INFO: Run Behavior\ReadHtmlCacheBehavior [ RunTime:0.002422s ]
INFO: [ app_begin ] --END-- [ RunTime:0.002557s ]
ERR: 无法加载控制器:Assets

[ 2017-09-22T20:33:25+08:00 ] ::1 /tp/assets/css/reply.css
INFO: [ app_init ] --START--
INFO: Run Behavior\BuildLiteBehavior [ RunTime:0.001441s ]
INFO: [ app_init ] --END-- [ RunTime:0.001854s ]
INFO: [ app_begin ] --START--
INFO: Run Behavior\ReadHtmlCacheBehavior [ RunTime:0.002168s ]
INFO: [ app_begin ] --END-- [ RunTime:0.006960s ]
ERR: 无法加载控制器:Assets

[ 2017-09-22T20:33:25+08:00 ] ::1 /tp/assets/css/animate.min.css
INFO: [ app_init ] --START--
INFO: Run Behavior\BuildLiteBehavior [ RunTime:0.000108s ]
INFO: [ app_init ] --END-- [ RunTime:0.002182s ]
INFO: [ app_begin ] --START--
INFO: Run Behavior\ReadHtmlCacheBehavior [ RunTime:0.000682s ]
INFO: [ app_begin ] --END-- [ RunTime:0.000804s ]
ERR: 无法加载控制器:Assets

[ 2017-09-22T20:33:25+08:00 ] ::1 /tp/assets/css/dialog.css
INFO: [ app_init ] --START--
INFO: Run Behavior\BuildLiteBehavior [ RunTime:0.000025s ]
INFO: [ app_init ] --END-- [ RunTime:0.000542s ]
INFO: [ app_begin ] --START--
INFO: Run Behavior\ReadHtmlCacheBehavior [ RunTime:0.000844s ]
INFO: [ app_begin ] --END-- [ RunTime:0.000939s ]
ERR: 无法加载控制器:Assets

[ 2017-09-22T20:35:42+08:00 ] ::1 /tp/
INFO: [ app_init ] --START--
INFO: Run Behavior\BuildLiteBehavior [ RunTime:0.000014s ]
INFO: [ app_init ] --END-- [ RunTime:0.000231s ]
INFO: [ app_begin ] --START--
INFO: Run Behavior\ReadHtmlCacheBehavior [ RunTime:0.000250s ]
INFO: [ app_begin ] --END-- [ RunTime:0.000319s ]
INFO: [ view_parse ] --START--
NOTIC: [2] file_get_contents(./Application/Home/View/Default/layouts/_header.html): failed to open stream: No such file or directory /Users/secret/www/tp/ThinkPHP/Library/Think/Template.class.php 第 696 行.
NOTIC: [2] file_get_contents(./Application/Home/View/../layouts/_footer.tpl.html): failed to open stream: No such file or directory /Users/secret/www/tp/ThinkPHP/Library/Think/Template.class.php 第 696 行.
INFO: [ template_filter ] --START--
INFO: Run Behavior\ContentReplaceBehavior [ RunTime:0.000042s ]
INFO: [ template_filter ] --END-- [ RunTime:0.000117s ]
NOTIC: [8] Undefined variable: category /Users/secret/www/tp/Application/Runtime/Cache/Home/769e70f2e46f34ceb60619bbda5e4691.php 第 20 行.
NOTIC: [8] Undefined variable: article /Users/secret/www/tp/Application/Runtime/Cache/Home/769e70f2e46f34ceb60619bbda5e4691.php 第 26 行.
NOTIC: [8] Undefined variable: article /Users/secret/www/tp/Application/Runtime/Cache/Home/769e70f2e46f34ceb60619bbda5e4691.php 第 26 行.
NOTIC: [8] Undefined variable: article /Users/secret/www/tp/Application/Runtime/Cache/Home/769e70f2e46f34ceb60619bbda5e4691.php 第 28 行.
NOTIC: [8] Undefined variable: article /Users/secret/www/tp/Application/Runtime/Cache/Home/769e70f2e46f34ceb60619bbda5e4691.php 第 28 行.
NOTIC: [8] Undefined variable: article /Users/secret/www/tp/Application/Runtime/Cache/Home/769e70f2e46f34ceb60619bbda5e4691.php 第 31 行.
NOTIC: [8] Undefined variable: article /Users/secret/www/tp/Application/Runtime/Cache/Home/769e70f2e46f34ceb60619bbda5e4691.php 第 33 行.
NOTIC: [8] Undefined variable: pages /Users/secret/www/tp/Application/Runtime/Cache/Home/769e70f2e46f34ceb60619bbda5e4691.php 第 42 行.
NOTIC: [8] Undefined variable: pages /Users/secret/www/tp/Application/Runtime/Cache/Home/769e70f2e46f34ceb60619bbda5e4691.php 第 45 行.
INFO: Run Behavior\ParseTemplateBehavior [ RunTime:0.005621s ]
INFO: [ view_parse ] --END-- [ RunTime:0.005675s ]
INFO: [ view_filter ] --START--
INFO: Run Behavior\WriteHtmlCacheBehavior [ RunTime:0.000118s ]
INFO: [ view_filter ] --END-- [ RunTime:0.000167s ]
INFO: [ app_end ] --START--
INFO: Run Behavior\ShowPageTraceBehavior [ RunTime:0.000282s ]
INFO: [ app_end ] --END-- [ RunTime:0.000335s ]

[ 2017-09-22T20:35:42+08:00 ] ::1 /tp/assets/css/app.css
INFO: [ app_init ] --START--
INFO: Run Behavior\BuildLiteBehavior [ RunTime:0.000024s ]
INFO: [ app_init ] --END-- [ RunTime:0.000415s ]
INFO: [ app_begin ] --START--
INFO: Run Behavior\ReadHtmlCacheBehavior [ RunTime:0.000453s ]
INFO: [ app_begin ] --END-- [ RunTime:0.000560s ]
ERR: 无法加载控制器:Assets

[ 2017-09-22T20:35:42+08:00 ] ::1 /tp/assets/css/dialog.css
INFO: [ app_init ] --START--
INFO: Run Behavior\BuildLiteBehavior [ RunTime:0.000024s ]
INFO: [ app_init ] --END-- [ RunTime:0.000402s ]
INFO: [ app_begin ] --START--
INFO: Run Behavior\ReadHtmlCacheBehavior [ RunTime:0.000483s ]
INFO: [ app_begin ] --END-- [ RunTime:0.000600s ]
ERR: 无法加载控制器:Assets

[ 2017-09-22T20:35:42+08:00 ] ::1 /tp/assets/css/reply.css
INFO: [ app_init ] --START--
INFO: Run Behavior\BuildLiteBehavior [ RunTime:0.000025s ]
INFO: [ app_init ] --END-- [ RunTime:0.000449s ]
INFO: [ app_begin ] --START--
INFO: Run Behavior\ReadHtmlCacheBehavior [ RunTime:0.001425s ]
INFO: [ app_begin ] --END-- [ RunTime:0.001590s ]
ERR: 无法加载控制器:Assets

[ 2017-09-22T20:35:42+08:00 ] ::1 /tp/assets/css/animate.min.css
INFO: [ app_init ] --START--
INFO: Run Behavior\BuildLiteBehavior [ RunTime:0.000030s ]
INFO: [ app_init ] --END-- [ RunTime:0.001734s ]
INFO: [ app_begin ] --START--
INFO: Run Behavior\ReadHtmlCacheBehavior [ RunTime:0.000361s ]
INFO: [ app_begin ] --END-- [ RunTime:0.000435s ]
ERR: 无法加载控制器:Assets

[ 2017-09-22T20:36:26+08:00 ] ::1 /tp/
INFO: [ app_init ] --START--
INFO: Run Behavior\BuildLiteBehavior [ RunTime:0.000014s ]
INFO: [ app_init ] --END-- [ RunTime:0.000231s ]
INFO: [ app_begin ] --START--
INFO: Run Behavior\ReadHtmlCacheBehavior [ RunTime:0.000246s ]
INFO: [ app_begin ] --END-- [ RunTime:0.000303s ]
INFO: [ view_parse ] --START--
NOTIC: [2] file_get_contents(./Application/Home/View/Default/layouts/_header.html): failed to open stream: No such file or directory /Users/secret/www/tp/ThinkPHP/Library/Think/Template.class.php 第 696 行.
NOTIC: [2] file_get_contents(./Application/Home/View/Default/layouts/_footer.html): failed to open stream: No such file or directory /Users/secret/www/tp/ThinkPHP/Library/Think/Template.class.php 第 696 行.
INFO: [ template_filter ] --START--
INFO: Run Behavior\ContentReplaceBehavior [ RunTime:0.000103s ]
INFO: [ template_filter ] --END-- [ RunTime:0.000290s ]
NOTIC: [8] Undefined variable: category /Users/secret/www/tp/Application/Runtime/Cache/Home/769e70f2e46f34ceb60619bbda5e4691.php 第 20 行.
NOTIC: [8] Undefined variable: article /Users/secret/www/tp/Application/Runtime/Cache/Home/769e70f2e46f34ceb60619bbda5e4691.php 第 26 行.
NOTIC: [8] Undefined variable: article /Users/secret/www/tp/Application/Runtime/Cache/Home/769e70f2e46f34ceb60619bbda5e4691.php 第 26 行.
NOTIC: [8] Undefined variable: article /Users/secret/www/tp/Application/Runtime/Cache/Home/769e70f2e46f34ceb60619bbda5e4691.php 第 28 行.
NOTIC: [8] Undefined variable: article /Users/secret/www/tp/Application/Runtime/Cache/Home/769e70f2e46f34ceb60619bbda5e4691.php 第 28 行.
NOTIC: [8] Undefined variable: article /Users/secret/www/tp/Application/Runtime/Cache/Home/769e70f2e46f34ceb60619bbda5e4691.php 第 31 行.
NOTIC: [8] Undefined variable: article /Users/secret/www/tp/Application/Runtime/Cache/Home/769e70f2e46f34ceb60619bbda5e4691.php 第 33 行.
NOTIC: [8] Undefined variable: pages /Users/secret/www/tp/Application/Runtime/Cache/Home/769e70f2e46f34ceb60619bbda5e4691.php 第 42 行.
NOTIC: [8] Undefined variable: pages /Users/secret/www/tp/Application/Runtime/Cache/Home/769e70f2e46f34ceb60619bbda5e4691.php 第 45 行.
INFO: Run Behavior\ParseTemplateBehavior [ RunTime:0.010003s ]
INFO: [ view_parse ] --END-- [ RunTime:0.010251s ]
INFO: [ view_filter ] --START--
INFO: Run Behavior\WriteHtmlCacheBehavior [ RunTime:0.000192s ]
INFO: [ view_filter ] --END-- [ RunTime:0.000263s ]
INFO: [ app_end ] --START--
INFO: Run Behavior\ShowPageTraceBehavior [ RunTime:0.000929s ]
INFO: [ app_end ] --END-- [ RunTime:0.001154s ]

[ 2017-09-22T20:36:26+08:00 ] ::1 /tp/assets/css/dialog.css
INFO: [ app_init ] --START--
INFO: Run Behavior\BuildLiteBehavior [ RunTime:0.000026s ]
INFO: [ app_init ] --END-- [ RunTime:0.000491s ]
INFO: [ app_begin ] --START--
INFO: Run Behavior\ReadHtmlCacheBehavior [ RunTime:0.000461s ]
INFO: [ app_begin ] --END-- [ RunTime:0.000587s ]
ERR: 无法加载控制器:Assets

[ 2017-09-22T20:36:26+08:00 ] ::1 /tp/assets/css/app.css
INFO: [ app_init ] --START--
INFO: Run Behavior\BuildLiteBehavior [ RunTime:0.000026s ]
INFO: [ app_init ] --END-- [ RunTime:0.002375s ]
INFO: [ app_begin ] --START--
INFO: Run Behavior\ReadHtmlCacheBehavior [ RunTime:0.000464s ]
INFO: [ app_begin ] --END-- [ RunTime:0.000574s ]
ERR: 无法加载控制器:Assets

[ 2017-09-22T20:36:26+08:00 ] ::1 /tp/assets/css/animate.min.css
INFO: [ app_init ] --START--
INFO: Run Behavior\BuildLiteBehavior [ RunTime:0.000027s ]
INFO: [ app_init ] --END-- [ RunTime:0.000677s ]
INFO: [ app_begin ] --START--
INFO: Run Behavior\ReadHtmlCacheBehavior [ RunTime:0.001123s ]
INFO: [ app_begin ] --END-- [ RunTime:0.001239s ]
ERR: 无法加载控制器:Assets

[ 2017-09-22T20:36:26+08:00 ] ::1 /tp/assets/css/reply.css
INFO: [ app_init ] --START--
INFO: Run Behavior\BuildLiteBehavior [ RunTime:0.000027s ]
INFO: [ app_init ] --END-- [ RunTime:0.000539s ]
INFO: [ app_begin ] --START--
INFO: Run Behavior\ReadHtmlCacheBehavior [ RunTime:0.001275s ]
INFO: [ app_begin ] --END-- [ RunTime:0.001398s ]
ERR: 无法加载控制器:Assets

[ 2017-09-22T20:37:20+08:00 ] ::1 /tp/
INFO: [ app_init ] --START--
INFO: Run Behavior\BuildLiteBehavior [ RunTime:0.000013s ]
INFO: [ app_init ] --END-- [ RunTime:0.000220s ]
INFO: [ app_begin ] --START--
INFO: Run Behavior\ReadHtmlCacheBehavior [ RunTime:0.000246s ]
INFO: [ app_begin ] --END-- [ RunTime:0.000305s ]
INFO: [ view_parse ] --START--
INFO: [ template_filter ] --START--
INFO: Run Behavior\ContentReplaceBehavior [ RunTime:0.000072s ]
INFO: [ template_filter ] --END-- [ RunTime:0.000193s ]
NOTIC: [8] Undefined variable: category /Users/secret/www/tp/Application/Runtime/Cache/Home/769e70f2e46f34ceb60619bbda5e4691.php 第 34 行.
NOTIC: [8] Undefined variable: article /Users/secret/www/tp/Application/Runtime/Cache/Home/769e70f2e46f34ceb60619bbda5e4691.php 第 40 行.
NOTIC: [8] Undefined variable: article /Users/secret/www/tp/Application/Runtime/Cache/Home/769e70f2e46f34ceb60619bbda5e4691.php 第 40 行.
NOTIC: [8] Undefined variable: article /Users/secret/www/tp/Application/Runtime/Cache/Home/769e70f2e46f34ceb60619bbda5e4691.php 第 42 行.
NOTIC: [8] Undefined variable: article /Users/secret/www/tp/Application/Runtime/Cache/Home/769e70f2e46f34ceb60619bbda5e4691.php 第 42 行.
NOTIC: [8] Undefined variable: article /Users/secret/www/tp/Application/Runtime/Cache/Home/769e70f2e46f34ceb60619bbda5e4691.php 第 45 行.
NOTIC: [8] Undefined variable: article /Users/secret/www/tp/Application/Runtime/Cache/Home/769e70f2e46f34ceb60619bbda5e4691.php 第 47 行.
NOTIC: [8] Undefined variable: pages /Users/secret/www/tp/Application/Runtime/Cache/Home/769e70f2e46f34ceb60619bbda5e4691.php 第 56 行.
NOTIC: [8] Undefined variable: pages /Users/secret/www/tp/Application/Runtime/Cache/Home/769e70f2e46f34ceb60619bbda5e4691.php 第 59 行.
INFO: Run Behavior\ParseTemplateBehavior [ RunTime:0.005357s ]
INFO: [ view_parse ] --END-- [ RunTime:0.005439s ]
INFO: [ view_filter ] --START--
INFO: Run Behavior\WriteHtmlCacheBehavior [ RunTime:0.000248s ]
INFO: [ view_filter ] --END-- [ RunTime:0.000344s ]
INFO: [ app_end ] --START--
INFO: Run Behavior\ShowPageTraceBehavior [ RunTime:0.000562s ]
INFO: [ app_end ] --END-- [ RunTime:0.000786s ]

[ 2017-09-22T20:37:20+08:00 ] ::1 /tp/assets/css/app.css
INFO: [ app_init ] --START--
INFO: Run Behavior\BuildLiteBehavior [ RunTime:0.000027s ]
INFO: [ app_init ] --END-- [ RunTime:0.000622s ]
INFO: [ app_begin ] --START--
INFO: Run Behavior\ReadHtmlCacheBehavior [ RunTime:0.002108s ]
INFO: [ app_begin ] --END-- [ RunTime:0.002290s ]
ERR: 无法加载控制器:Assets

[ 2017-09-22T20:37:20+08:00 ] ::1 /tp/assets/css/dialog.css
INFO: [ app_init ] --START--
INFO: Run Behavior\BuildLiteBehavior [ RunTime:0.000024s ]
INFO: [ app_init ] --END-- [ RunTime:0.000375s ]
INFO: [ app_begin ] --START--
INFO: Run Behavior\ReadHtmlCacheBehavior [ RunTime:0.000448s ]
INFO: [ app_begin ] --END-- [ RunTime:0.000556s ]
ERR: 无法加载控制器:Assets

[ 2017-09-22T20:37:20+08:00 ] ::1 /tp/assets/css/animate.min.css
INFO: [ app_init ] --START--
INFO: Run Behavior\BuildLiteBehavior [ RunTime:0.000024s ]
INFO: [ app_init ] --END-- [ RunTime:0.000838s ]
INFO: [ app_begin ] --START--
INFO: Run Behavior\ReadHtmlCacheBehavior [ RunTime:0.000625s ]
INFO: [ app_begin ] --END-- [ RunTime:0.000731s ]
ERR: 无法加载控制器:Assets

[ 2017-09-22T20:37:20+08:00 ] ::1 /tp/assets/css/reply.css
INFO: [ app_init ] --START--
INFO: Run Behavior\BuildLiteBehavior [ RunTime:0.000023s ]
INFO: [ app_init ] --END-- [ RunTime:0.000370s ]
INFO: [ app_begin ] --START--
INFO: Run Behavior\ReadHtmlCacheBehavior [ RunTime:0.000431s ]
INFO: [ app_begin ] --END-- [ RunTime:0.000537s ]
ERR: 无法加载控制器:Assets

[ 2017-09-22T20:38:19+08:00 ] ::1 /tp/
INFO: [ app_init ] --START--
INFO: Run Behavior\BuildLiteBehavior [ RunTime:0.000015s ]
INFO: [ app_init ] --END-- [ RunTime:0.000281s ]
INFO: [ app_begin ] --START--
INFO: Run Behavior\ReadHtmlCacheBehavior [ RunTime:0.000299s ]
INFO: [ app_begin ] --END-- [ RunTime:0.000357s ]
INFO: [ view_parse ] --START--
INFO: [ template_filter ] --START--
INFO: Run Behavior\ContentReplaceBehavior [ RunTime:0.000038s ]
INFO: [ template_filter ] --END-- [ RunTime:0.000096s ]
NOTIC: [8] Undefined variable: category /Users/secret/www/tp/Application/Runtime/Cache/Home/769e70f2e46f34ceb60619bbda5e4691.php 第 34 行.
NOTIC: [8] Undefined variable: article /Users/secret/www/tp/Application/Runtime/Cache/Home/769e70f2e46f34ceb60619bbda5e4691.php 第 40 行.
NOTIC: [8] Undefined variable: article /Users/secret/www/tp/Application/Runtime/Cache/Home/769e70f2e46f34ceb60619bbda5e4691.php 第 42 行.
NOTIC: [8] Undefined variable: article /Users/secret/www/tp/Application/Runtime/Cache/Home/769e70f2e46f34ceb60619bbda5e4691.php 第 45 行.
NOTIC: [8] Undefined variable: pages /Users/secret/www/tp/Application/Runtime/Cache/Home/769e70f2e46f34ceb60619bbda5e4691.php 第 56 行.
NOTIC: [8] Undefined variable: pages /Users/secret/www/tp/Application/Runtime/Cache/Home/769e70f2e46f34ceb60619bbda5e4691.php 第 59 行.
INFO: Run Behavior\ParseTemplateBehavior [ RunTime:0.003660s ]
INFO: [ view_parse ] --END-- [ RunTime:0.003713s ]
INFO: [ view_filter ] --START--
INFO: Run Behavior\WriteHtmlCacheBehavior [ RunTime:0.000116s ]
INFO: [ view_filter ] --END-- [ RunTime:0.000171s ]
INFO: [ app_end ] --START--
INFO: Run Behavior\ShowPageTraceBehavior [ RunTime:0.000304s ]
INFO: [ app_end ] --END-- [ RunTime:0.000362s ]

[ 2017-09-22T20:38:19+08:00 ] ::1 /tp/assets/css/app.css
INFO: [ app_init ] --START--
INFO: Run Behavior\BuildLiteBehavior [ RunTime:0.000312s ]
INFO: [ app_init ] --END-- [ RunTime:0.002824s ]
INFO: [ app_begin ] --START--
INFO: Run Behavior\ReadHtmlCacheBehavior [ RunTime:0.000439s ]
INFO: [ app_begin ] --END-- [ RunTime:0.000544s ]
ERR: 无法加载控制器:Assets

[ 2017-09-22T20:38:19+08:00 ] ::1 /tp/assets/css/reply.css
INFO: [ app_init ] --START--
INFO: Run Behavior\BuildLiteBehavior [ RunTime:0.000022s ]
INFO: [ app_init ] --END-- [ RunTime:0.000349s ]
INFO: [ app_begin ] --START--
INFO: Run Behavior\ReadHtmlCacheBehavior [ RunTime:0.000463s ]
INFO: [ app_begin ] --END-- [ RunTime:0.000567s ]
ERR: 无法加载控制器:Assets

[ 2017-09-22T20:38:19+08:00 ] ::1 /tp/assets/css/animate.min.css
INFO: [ app_init ] --START--
INFO: Run Behavior\BuildLiteBehavior [ RunTime:0.000025s ]
INFO: [ app_init ] --END-- [ RunTime:0.000408s ]
INFO: [ app_begin ] --START--
INFO: Run Behavior\ReadHtmlCacheBehavior [ RunTime:0.000454s ]
INFO: [ app_begin ] --END-- [ RunTime:0.000587s ]
ERR: 无法加载控制器:Assets

[ 2017-09-22T20:38:19+08:00 ] ::1 /tp/assets/css/dialog.css
INFO: [ app_init ] --START--
INFO: Run Behavior\BuildLiteBehavior [ RunTime:0.000044s ]
INFO: [ app_init ] --END-- [ RunTime:0.000933s ]
INFO: [ app_begin ] --START--
INFO: Run Behavior\ReadHtmlCacheBehavior [ RunTime:0.001560s ]
INFO: [ app_begin ] --END-- [ RunTime:0.001833s ]
ERR: 无法加载控制器:Assets

[ 2017-09-22T20:41:07+08:00 ] ::1 /tp/
INFO: [ app_init ] --START--
INFO: Run Behavior\BuildLiteBehavior [ RunTime:0.000017s ]
INFO: [ app_init ] --END-- [ RunTime:0.000355s ]
INFO: [ app_begin ] --START--
INFO: Run Behavior\ReadHtmlCacheBehavior [ RunTime:0.000374s ]
INFO: [ app_begin ] --END-- [ RunTime:0.000443s ]
INFO: [ view_parse ] --START--
INFO: [ template_filter ] --START--
INFO: Run Behavior\ContentReplaceBehavior [ RunTime:0.000052s ]
INFO: [ template_filter ] --END-- [ RunTime:0.000166s ]
INFO: Run Behavior\ParseTemplateBehavior [ RunTime:0.003936s ]
INFO: [ view_parse ] --END-- [ RunTime:0.003997s ]
INFO: [ view_filter ] --START--
INFO: Run Behavior\WriteHtmlCacheBehavior [ RunTime:0.000116s ]
INFO: [ view_filter ] --END-- [ RunTime:0.000169s ]
INFO: [ app_end ] --START--
INFO: Run Behavior\ShowPageTraceBehavior [ RunTime:0.000298s ]
INFO: [ app_end ] --END-- [ RunTime:0.000355s ]

[ 2017-09-22T20:41:07+08:00 ] ::1 /tp/assets/css/reply.css
INFO: [ app_init ] --START--
INFO: Run Behavior\BuildLiteBehavior [ RunTime:0.000026s ]
INFO: [ app_init ] --END-- [ RunTime:0.000379s ]
INFO: [ app_begin ] --START--
INFO: Run Behavior\ReadHtmlCacheBehavior [ RunTime:0.000412s ]
INFO: [ app_begin ] --END-- [ RunTime:0.000523s ]
ERR: 无法加载控制器:Assets

[ 2017-09-22T20:41:07+08:00 ] ::1 /tp/assets/css/app.css
INFO: [ app_init ] --START--
INFO: Run Behavior\BuildLiteBehavior [ RunTime:0.000037s ]
INFO: [ app_init ] --END-- [ RunTime:0.000690s ]
INFO: [ app_begin ] --START--
INFO: Run Behavior\ReadHtmlCacheBehavior [ RunTime:0.000831s ]
INFO: [ app_begin ] --END-- [ RunTime:0.000986s ]
ERR: 无法加载控制器:Assets

[ 2017-09-22T20:41:07+08:00 ] ::1 /tp/assets/css/dialog.css
INFO: [ app_init ] --START--
INFO: Run Behavior\BuildLiteBehavior [ RunTime:0.000026s ]
INFO: [ app_init ] --END-- [ RunTime:0.001825s ]
INFO: [ app_begin ] --START--
INFO: Run Behavior\ReadHtmlCacheBehavior [ RunTime:0.001237s ]
INFO: [ app_begin ] --END-- [ RunTime:0.001409s ]
ERR: 无法加载控制器:Assets

[ 2017-09-22T20:41:07+08:00 ] ::1 /tp/assets/css/animate.min.css
INFO: [ app_init ] --START--
INFO: Run Behavior\BuildLiteBehavior [ RunTime:0.000029s ]
INFO: [ app_init ] --END-- [ RunTime:0.011321s ]
INFO: [ app_begin ] --START--
INFO: Run Behavior\ReadHtmlCacheBehavior [ RunTime:0.000495s ]
INFO: [ app_begin ] --END-- [ RunTime:0.000612s ]
ERR: 无法加载控制器:Assets

[ 2017-09-22T20:52:19+08:00 ] ::1 /tp/
INFO: [ app_init ] --START--
INFO: Run Behavior\BuildLiteBehavior [ RunTime:0.000033s ]
INFO: [ app_init ] --END-- [ RunTime:0.000605s ]
INFO: [ app_begin ] --START--
INFO: Run Behavior\ReadHtmlCacheBehavior [ RunTime:0.000521s ]
INFO: [ app_begin ] --END-- [ RunTime:0.000636s ]
INFO: [ view_parse ] --START--
NOTIC: [2] simplexml_load_string(): Entity: line 1: parser error : error parsing attribute name /Users/secret/www/tp/ThinkPHP/Library/Think/Template.class.php 第 275 行.
NOTIC: [2] simplexml_load_string(): &lt;tpl&gt;&lt;tag 'Default/layouts/_script' /&gt;&lt;/tpl&gt; /Users/secret/www/tp/ThinkPHP/Library/Think/Template.class.php 第 275 行.
NOTIC: [2] simplexml_load_string():           ^ /Users/secret/www/tp/ThinkPHP/Library/Think/Template.class.php 第 275 行.
NOTIC: [2] simplexml_load_string(): Entity: line 1: parser error : attributes construct error /Users/secret/www/tp/ThinkPHP/Library/Think/Template.class.php 第 275 行.
NOTIC: [2] simplexml_load_string(): &lt;tpl&gt;&lt;tag 'Default/layouts/_script' /&gt;&lt;/tpl&gt; /Users/secret/www/tp/ThinkPHP/Library/Think/Template.class.php 第 275 行.
NOTIC: [2] simplexml_load_string():           ^ /Users/secret/www/tp/ThinkPHP/Library/Think/Template.class.php 第 275 行.
NOTIC: [2] simplexml_load_string(): Entity: line 1: parser error : Couldn't find end of Start Tag tag line 1 /Users/secret/www/tp/ThinkPHP/Library/Think/Template.class.php 第 275 行.
NOTIC: [2] simplexml_load_string(): &lt;tpl&gt;&lt;tag 'Default/layouts/_script' /&gt;&lt;/tpl&gt; /Users/secret/www/tp/ThinkPHP/Library/Think/Template.class.php 第 275 行.
NOTIC: [2] simplexml_load_string():           ^ /Users/secret/www/tp/ThinkPHP/Library/Think/Template.class.php 第 275 行.
ERR: XML标签语法错误

[ 2017-09-22T20:52:27+08:00 ] ::1 /tp/
INFO: [ app_init ] --START--
INFO: Run Behavior\BuildLiteBehavior [ RunTime:0.000017s ]
INFO: [ app_init ] --END-- [ RunTime:0.000276s ]
INFO: [ app_begin ] --START--
INFO: Run Behavior\ReadHtmlCacheBehavior [ RunTime:0.000364s ]
INFO: [ app_begin ] --END-- [ RunTime:0.000441s ]
INFO: [ view_parse ] --START--
INFO: [ template_filter ] --START--
INFO: Run Behavior\ContentReplaceBehavior [ RunTime:0.000043s ]
INFO: [ template_filter ] --END-- [ RunTime:0.000110s ]
INFO: Run Behavior\ParseTemplateBehavior [ RunTime:0.006229s ]
INFO: [ view_parse ] --END-- [ RunTime:0.006289s ]
INFO: [ view_filter ] --START--
INFO: Run Behavior\WriteHtmlCacheBehavior [ RunTime:0.000344s ]
INFO: [ view_filter ] --END-- [ RunTime:0.000473s ]
INFO: [ app_end ] --START--
INFO: Run Behavior\ShowPageTraceBehavior [ RunTime:0.000355s ]
INFO: [ app_end ] --END-- [ RunTime:0.000416s ]

[ 2017-09-22T20:52:27+08:00 ] ::1 /tp/assets/css/animate.min.css
INFO: [ app_init ] --START--
INFO: Run Behavior\BuildLiteBehavior [ RunTime:0.000024s ]
INFO: [ app_init ] --END-- [ RunTime:0.000375s ]
INFO: [ app_begin ] --START--
INFO: Run Behavior\ReadHtmlCacheBehavior [ RunTime:0.000483s ]
INFO: [ app_begin ] --END-- [ RunTime:0.000630s ]
ERR: 无法加载控制器:Assets

[ 2017-09-22T20:52:27+08:00 ] ::1 /tp/assets/js/printer.js
INFO: [ app_init ] --START--
INFO: Run Behavior\BuildLiteBehavior [ RunTime:0.000024s ]
INFO: [ app_init ] --END-- [ RunTime:0.000375s ]
INFO: [ app_begin ] --START--
INFO: Run Behavior\ReadHtmlCacheBehavior [ RunTime:0.000760s ]
INFO: [ app_begin ] --END-- [ RunTime:0.000866s ]
ERR: 无法加载控制器:Assets

[ 2017-09-22T20:52:27+08:00 ] ::1 /tp/assets/js/jquery.md5.js
INFO: [ app_init ] --START--
INFO: Run Behavior\BuildLiteBehavior [ RunTime:0.000026s ]
INFO: [ app_init ] --END-- [ RunTime:0.000533s ]
INFO: [ app_begin ] --START--
INFO: Run Behavior\ReadHtmlCacheBehavior [ RunTime:0.002307s ]
INFO: [ app_begin ] --END-- [ RunTime:0.002431s ]
ERR: 无法加载控制器:Assets

[ 2017-09-22T20:52:27+08:00 ] ::1 /tp/assets/js/dialog-build.js
INFO: [ app_init ] --START--
INFO: Run Behavior\BuildLiteBehavior [ RunTime:0.000024s ]
INFO: [ app_init ] --END-- [ RunTime:0.000375s ]
INFO: [ app_begin ] --START--
INFO: Run Behavior\ReadHtmlCacheBehavior [ RunTime:0.000689s ]
INFO: [ app_begin ] --END-- [ RunTime:0.000849s ]
ERR: 无法加载控制器:Assets

[ 2017-09-22T20:52:27+08:00 ] ::1 /tp/assets/css/reply.css
INFO: [ app_init ] --START--
INFO: Run Behavior\BuildLiteBehavior [ RunTime:0.000027s ]
INFO: [ app_init ] --END-- [ RunTime:0.000550s ]
INFO: [ app_begin ] --START--
INFO: Run Behavior\ReadHtmlCacheBehavior [ RunTime:0.000454s ]
INFO: [ app_begin ] --END-- [ RunTime:0.000555s ]
ERR: 无法加载控制器:Assets

[ 2017-09-22T20:52:27+08:00 ] ::1 /tp/assets/css/dialog.css
INFO: [ app_init ] --START--
INFO: Run Behavior\BuildLiteBehavior [ RunTime:0.000025s ]
INFO: [ app_init ] --END-- [ RunTime:0.000386s ]
INFO: [ app_begin ] --START--
INFO: Run Behavior\ReadHtmlCacheBehavior [ RunTime:0.000544s ]
INFO: [ app_begin ] --END-- [ RunTime:0.001182s ]
ERR: 无法加载控制器:Assets

[ 2017-09-22T20:52:27+08:00 ] ::1 /tp/assets/css/app.css
INFO: [ app_init ] --START--
INFO: Run Behavior\BuildLiteBehavior [ RunTime:0.000024s ]
INFO: [ app_init ] --END-- [ RunTime:0.000413s ]
INFO: [ app_begin ] --START--
INFO: Run Behavior\ReadHtmlCacheBehavior [ RunTime:0.000980s ]
INFO: [ app_begin ] --END-- [ RunTime:0.001872s ]
ERR: 无法加载控制器:Assets

[ 2017-09-22T20:52:27+08:00 ] ::1 /tp/assets/js/commit.js
INFO: [ app_init ] --START--
INFO: Run Behavior\BuildLiteBehavior [ RunTime:0.000029s ]
INFO: [ app_init ] --END-- [ RunTime:0.000474s ]
INFO: [ app_begin ] --START--
INFO: Run Behavior\ReadHtmlCacheBehavior [ RunTime:0.000461s ]
INFO: [ app_begin ] --END-- [ RunTime:0.000568s ]
ERR: 无法加载控制器:Assets

[ 2017-09-22T20:52:27+08:00 ] ::1 /tp/assets/js/reply.js
INFO: [ app_init ] --START--
INFO: Run Behavior\BuildLiteBehavior [ RunTime:0.000025s ]
INFO: [ app_init ] --END-- [ RunTime:0.000368s ]
INFO: [ app_begin ] --START--
INFO: Run Behavior\ReadHtmlCacheBehavior [ RunTime:0.000532s ]
INFO: [ app_begin ] --END-- [ RunTime:0.000637s ]
ERR: 无法加载控制器:Assets

[ 2017-09-22T20:52:27+08:00 ] ::1 /tp/assets/js/wow.min.js
INFO: [ app_init ] --START--
INFO: Run Behavior\BuildLiteBehavior [ RunTime:0.000026s ]
INFO: [ app_init ] --END-- [ RunTime:0.000392s ]
INFO: [ app_begin ] --START--
INFO: Run Behavior\ReadHtmlCacheBehavior [ RunTime:0.000468s ]
INFO: [ app_begin ] --END-- [ RunTime:0.000579s ]
ERR: 无法加载控制器:Assets

[ 2017-09-22T20:52:27+08:00 ] ::1 /tp/assets/js/home.js
INFO: [ app_init ] --START--
INFO: Run Behavior\BuildLiteBehavior [ RunTime:0.000029s ]
INFO: [ app_init ] --END-- [ RunTime:0.000846s ]
INFO: [ app_begin ] --START--
INFO: Run Behavior\ReadHtmlCacheBehavior [ RunTime:0.000942s ]
INFO: [ app_begin ] --END-- [ RunTime:0.001153s ]
ERR: 无法加载控制器:Assets

[ 2017-09-22T20:52:27+08:00 ] ::1 /tp/assets/js/dialog.js
INFO: [ app_init ] --START--
INFO: Run Behavior\BuildLiteBehavior [ RunTime:0.000022s ]
INFO: [ app_init ] --END-- [ RunTime:0.000359s ]
INFO: [ app_begin ] --START--
INFO: Run Behavior\ReadHtmlCacheBehavior [ RunTime:0.000454s ]
INFO: [ app_begin ] --END-- [ RunTime:0.000559s ]
ERR: 无法加载控制器:Assets

[ 2017-09-22T20:52:28+08:00 ] ::1 /tp/assets/js/printer.js
INFO: [ app_init ] --START--
INFO: Run Behavior\BuildLiteBehavior [ RunTime:0.000027s ]
INFO: [ app_init ] --END-- [ RunTime:0.000473s ]
INFO: [ app_begin ] --START--
INFO: Run Behavior\ReadHtmlCacheBehavior [ RunTime:0.000951s ]
INFO: [ app_begin ] --END-- [ RunTime:0.001109s ]
ERR: 无法加载控制器:Assets

[ 2017-09-22T20:52:28+08:00 ] ::1 /tp/assets/js/jquery.md5.js
INFO: [ app_init ] --START--
INFO: Run Behavior\BuildLiteBehavior [ RunTime:0.000053s ]
INFO: [ app_init ] --END-- [ RunTime:0.000680s ]
INFO: [ app_begin ] --START--
INFO: Run Behavior\ReadHtmlCacheBehavior [ RunTime:0.000314s ]
INFO: [ app_begin ] --END-- [ RunTime:0.000421s ]
ERR: 无法加载控制器:Assets

[ 2017-09-22T20:52:28+08:00 ] ::1 /tp/assets/js/reply.js
INFO: [ app_init ] --START--
INFO: Run Behavior\BuildLiteBehavior [ RunTime:0.000018s ]
INFO: [ app_init ] --END-- [ RunTime:0.000328s ]
INFO: [ app_begin ] --START--
INFO: Run Behavior\ReadHtmlCacheBehavior [ RunTime:0.000270s ]
INFO: [ app_begin ] --END-- [ RunTime:0.000340s ]
ERR: 无法加载控制器:Assets

[ 2017-09-22T20:52:28+08:00 ] ::1 /tp/assets/js/dialog-build.js
INFO: [ app_init ] --START--
INFO: Run Behavior\BuildLiteBehavior [ RunTime:0.000052s ]
INFO: [ app_init ] --END-- [ RunTime:0.000533s ]
INFO: [ app_begin ] --START--
INFO: Run Behavior\ReadHtmlCacheBehavior [ RunTime:0.000352s ]
INFO: [ app_begin ] --END-- [ RunTime:0.000429s ]
ERR: 无法加载控制器:Assets

[ 2017-09-22T20:52:28+08:00 ] ::1 /tp/assets/js/dialog.js
INFO: [ app_init ] --START--
INFO: Run Behavior\BuildLiteBehavior [ RunTime:0.000020s ]
INFO: [ app_init ] --END-- [ RunTime:0.000545s ]
INFO: [ app_begin ] --START--
INFO: Run Behavior\ReadHtmlCacheBehavior [ RunTime:0.000739s ]
INFO: [ app_begin ] --END-- [ RunTime:0.000842s ]
ERR: 无法加载控制器:Assets

[ 2017-09-22T20:52:28+08:00 ] ::1 /tp/assets/js/commit.js
INFO: [ app_init ] --START--
INFO: Run Behavior\BuildLiteBehavior [ RunTime:0.000024s ]
INFO: [ app_init ] --END-- [ RunTime:0.000334s ]
INFO: [ app_begin ] --START--
INFO: Run Behavior\ReadHtmlCacheBehavior [ RunTime:0.004397s ]
INFO: [ app_begin ] --END-- [ RunTime:0.004520s ]
ERR: 无法加载控制器:Assets

[ 2017-09-22T20:52:28+08:00 ] ::1 /tp/assets/js/wow.min.js
INFO: [ app_init ] --START--
INFO: Run Behavior\BuildLiteBehavior [ RunTime:0.000017s ]
INFO: [ app_init ] --END-- [ RunTime:0.000254s ]
INFO: [ app_begin ] --START--
INFO: Run Behavior\ReadHtmlCacheBehavior [ RunTime:0.000277s ]
INFO: [ app_begin ] --END-- [ RunTime:0.000341s ]
ERR: 无法加载控制器:Assets

[ 2017-09-22T20:52:28+08:00 ] ::1 /tp/assets/js/home.js
INFO: [ app_init ] --START--
INFO: Run Behavior\BuildLiteBehavior [ RunTime:0.000017s ]
INFO: [ app_init ] --END-- [ RunTime:0.000292s ]
INFO: [ app_begin ] --START--
INFO: Run Behavior\ReadHtmlCacheBehavior [ RunTime:0.000366s ]
INFO: [ app_begin ] --END-- [ RunTime:0.000450s ]
ERR: 无法加载控制器:Assets

[ 2017-09-22T20:53:49+08:00 ] ::1 /tp/
INFO: [ app_init ] --START--
INFO: Run Behavior\BuildLiteBehavior [ RunTime:0.000021s ]
INFO: [ app_init ] --END-- [ RunTime:0.000269s ]
INFO: [ app_begin ] --START--
INFO: Run Behavior\ReadHtmlCacheBehavior [ RunTime:0.000604s ]
INFO: [ app_begin ] --END-- [ RunTime:0.000795s ]
INFO: [ view_parse ] --START--
INFO: [ template_filter ] --START--
INFO: Run Behavior\ContentReplaceBehavior [ RunTime:0.000042s ]
INFO: [ template_filter ] --END-- [ RunTime:0.000107s ]
INFO: Run Behavior\ParseTemplateBehavior [ RunTime:0.004905s ]
INFO: [ view_parse ] --END-- [ RunTime:0.004969s ]
INFO: [ view_filter ] --START--
INFO: Run Behavior\WriteHtmlCacheBehavior [ RunTime:0.000106s ]
INFO: [ view_filter ] --END-- [ RunTime:0.000155s ]
INFO: [ app_end ] --START--
INFO: Run Behavior\ShowPageTraceBehavior [ RunTime:0.000274s ]
INFO: [ app_end ] --END-- [ RunTime:0.000326s ]

[ 2017-09-22T20:53:49+08:00 ] ::1 /tp/assets/css/reply.css
INFO: [ app_init ] --START--
INFO: Run Behavior\BuildLiteBehavior [ RunTime:0.000025s ]
INFO: [ app_init ] --END-- [ RunTime:0.000381s ]
INFO: [ app_begin ] --START--
INFO: Run Behavior\ReadHtmlCacheBehavior [ RunTime:0.000465s ]
INFO: [ app_begin ] --END-- [ RunTime:0.000575s ]
ERR: 无法加载控制器:Assets

[ 2017-09-22T20:53:49+08:00 ] ::1 /tp/assets/css/dialog.css
INFO: [ app_init ] --START--
INFO: Run Behavior\BuildLiteBehavior [ RunTime:0.000026s ]
INFO: [ app_init ] --END-- [ RunTime:0.000385s ]
INFO: [ app_begin ] --START--
INFO: Run Behavior\ReadHtmlCacheBehavior [ RunTime:0.001338s ]
INFO: [ app_begin ] --END-- [ RunTime:0.001453s ]
ERR: 无法加载控制器:Assets

[ 2017-09-22T20:53:49+08:00 ] ::1 /tp/assets/js/printer.js
INFO: [ app_init ] --START--
INFO: Run Behavior\BuildLiteBehavior [ RunTime:0.000025s ]
INFO: [ app_init ] --END-- [ RunTime:0.000431s ]
INFO: [ app_begin ] --START--
INFO: Run Behavior\ReadHtmlCacheBehavior [ RunTime:0.000450s ]
INFO: [ app_begin ] --END-- [ RunTime:0.000557s ]
ERR: 无法加载控制器:Assets

[ 2017-09-22T20:53:49+08:00 ] ::1 /tp/assets/js/jquery.md5.js
INFO: [ app_init ] --START--
INFO: Run Behavior\BuildLiteBehavior [ RunTime:0.000026s ]
INFO: [ app_init ] --END-- [ RunTime:0.000422s ]
INFO: [ app_begin ] --START--
INFO: Run Behavior\ReadHtmlCacheBehavior [ RunTime:0.000771s ]
INFO: [ app_begin ] --END-- [ RunTime:0.000897s ]
ERR: 无法加载控制器:Assets

[ 2017-09-22T20:53:49+08:00 ] ::1 /tp/assets/css/animate.min.css
INFO: [ app_init ] --START--
INFO: Run Behavior\BuildLiteBehavior [ RunTime:0.000029s ]
INFO: [ app_init ] --END-- [ RunTime:0.000728s ]
INFO: [ app_begin ] --START--
INFO: Run Behavior\ReadHtmlCacheBehavior [ RunTime:0.003099s ]
INFO: [ app_begin ] --END-- [ RunTime:0.003298s ]
ERR: 无法加载控制器:Assets

[ 2017-09-22T20:53:49+08:00 ] ::1 /tp/assets/js/reply.js
INFO: [ app_init ] --START--
INFO: Run Behavior\BuildLiteBehavior [ RunTime:0.000027s ]
INFO: [ app_init ] --END-- [ RunTime:0.001179s ]
INFO: [ app_begin ] --START--
INFO: Run Behavior\ReadHtmlCacheBehavior [ RunTime:0.000422s ]
INFO: [ app_begin ] --END-- [ RunTime:0.000525s ]
ERR: 无法加载控制器:Assets

[ 2017-09-22T20:53:49+08:00 ] ::1 /tp/assets/js/dialog-build.js
INFO: [ app_init ] --START--
INFO: Run Behavior\BuildLiteBehavior [ RunTime:0.000027s ]
INFO: [ app_init ] --END-- [ RunTime:0.000419s ]
INFO: [ app_begin ] --START--
INFO: Run Behavior\ReadHtmlCacheBehavior [ RunTime:0.000955s ]
INFO: [ app_begin ] --END-- [ RunTime:0.002164s ]
ERR: 无法加载控制器:Assets

[ 2017-09-22T20:53:49+08:00 ] ::1 /tp/assets/js/dialog.js
INFO: [ app_init ] --START--
INFO: Run Behavior\BuildLiteBehavior [ RunTime:0.000026s ]
INFO: [ app_init ] --END-- [ RunTime:0.001065s ]
INFO: [ app_begin ] --START--
INFO: Run Behavior\ReadHtmlCacheBehavior [ RunTime:0.000492s ]
INFO: [ app_begin ] --END-- [ RunTime:0.000607s ]
ERR: 无法加载控制器:Assets

[ 2017-09-22T20:53:49+08:00 ] ::1 /tp/assets/css/app.css
INFO: [ app_init ] --START--
INFO: Run Behavior\BuildLiteBehavior [ RunTime:0.000024s ]
INFO: [ app_init ] --END-- [ RunTime:0.000626s ]
INFO: [ app_begin ] --START--
INFO: Run Behavior\ReadHtmlCacheBehavior [ RunTime:0.001115s ]
INFO: [ app_begin ] --END-- [ RunTime:0.004155s ]
ERR: 无法加载控制器:Assets

[ 2017-09-22T20:53:49+08:00 ] ::1 /tp/assets/js/home.js
INFO: [ app_init ] --START--
INFO: Run Behavior\BuildLiteBehavior [ RunTime:0.000025s ]
INFO: [ app_init ] --END-- [ RunTime:0.000382s ]
INFO: [ app_begin ] --START--
INFO: Run Behavior\ReadHtmlCacheBehavior [ RunTime:0.003787s ]
INFO: [ app_begin ] --END-- [ RunTime:0.004099s ]
ERR: 无法加载控制器:Assets

[ 2017-09-22T20:53:49+08:00 ] ::1 /tp/assets/js/commit.js
INFO: [ app_init ] --START--
INFO: Run Behavior\BuildLiteBehavior [ RunTime:0.000033s ]
INFO: [ app_init ] --END-- [ RunTime:0.002483s ]
INFO: [ app_begin ] --START--
INFO: Run Behavior\ReadHtmlCacheBehavior [ RunTime:0.000932s ]
INFO: [ app_begin ] --END-- [ RunTime:0.001056s ]
ERR: 无法加载控制器:Assets

[ 2017-09-22T20:53:49+08:00 ] ::1 /tp/assets/js/wow.min.js
INFO: [ app_init ] --START--
INFO: Run Behavior\BuildLiteBehavior [ RunTime:0.000028s ]
INFO: [ app_init ] --END-- [ RunTime:0.001607s ]
INFO: [ app_begin ] --START--
INFO: Run Behavior\ReadHtmlCacheBehavior [ RunTime:0.000612s ]
INFO: [ app_begin ] --END-- [ RunTime:0.000767s ]
ERR: 无法加载控制器:Assets

[ 2017-09-22T20:53:49+08:00 ] ::1 /tp/assets/js/printer.js
INFO: [ app_init ] --START--
INFO: Run Behavior\BuildLiteBehavior [ RunTime:0.000018s ]
INFO: [ app_init ] --END-- [ RunTime:0.000305s ]
INFO: [ app_begin ] --START--
INFO: Run Behavior\ReadHtmlCacheBehavior [ RunTime:0.000381s ]
INFO: [ app_begin ] --END-- [ RunTime:0.000479s ]
ERR: 无法加载控制器:Assets

[ 2017-09-22T20:53:49+08:00 ] ::1 /tp/assets/js/jquery.md5.js
INFO: [ app_init ] --START--
INFO: Run Behavior\BuildLiteBehavior [ RunTime:0.000018s ]
INFO: [ app_init ] --END-- [ RunTime:0.000263s ]
INFO: [ app_begin ] --START--
INFO: Run Behavior\ReadHtmlCacheBehavior [ RunTime:0.001966s ]
INFO: [ app_begin ] --END-- [ RunTime:0.002072s ]
ERR: 无法加载控制器:Assets

[ 2017-09-22T20:53:49+08:00 ] ::1 /tp/assets/js/reply.js
INFO: [ app_init ] --START--
INFO: Run Behavior\BuildLiteBehavior [ RunTime:0.000019s ]
INFO: [ app_init ] --END-- [ RunTime:0.000405s ]
INFO: [ app_begin ] --START--
INFO: Run Behavior\ReadHtmlCacheBehavior [ RunTime:0.000500s ]
INFO: [ app_begin ] --END-- [ RunTime:0.000673s ]
ERR: 无法加载控制器:Assets

[ 2017-09-22T20:53:49+08:00 ] ::1 /tp/assets/js/dialog-build.js
INFO: [ app_init ] --START--
INFO: Run Behavior\BuildLiteBehavior [ RunTime:0.000026s ]
INFO: [ app_init ] --END-- [ RunTime:0.000467s ]
INFO: [ app_begin ] --START--
INFO: Run Behavior\ReadHtmlCacheBehavior [ RunTime:0.000334s ]
INFO: [ app_begin ] --END-- [ RunTime:0.000405s ]
ERR: 无法加载控制器:Assets

[ 2017-09-22T20:53:49+08:00 ] ::1 /tp/assets/js/dialog.js
INFO: [ app_init ] --START--
INFO: Run Behavior\BuildLiteBehavior [ RunTime:0.000048s ]
INFO: [ app_init ] --END-- [ RunTime:0.000896s ]
INFO: [ app_begin ] --START--
INFO: Run Behavior\ReadHtmlCacheBehavior [ RunTime:0.000558s ]
INFO: [ app_begin ] --END-- [ RunTime:0.000901s ]
ERR: 无法加载控制器:Assets

[ 2017-09-22T20:53:49+08:00 ] ::1 /tp/assets/js/commit.js
INFO: [ app_init ] --START--
INFO: Run Behavior\BuildLiteBehavior [ RunTime:0.000018s ]
INFO: [ app_init ] --END-- [ RunTime:0.000489s ]
INFO: [ app_begin ] --START--
INFO: Run Behavior\ReadHtmlCacheBehavior [ RunTime:0.000581s ]
INFO: [ app_begin ] --END-- [ RunTime:0.000710s ]
ERR: 无法加载控制器:Assets

[ 2017-09-22T20:53:49+08:00 ] ::1 /tp/assets/js/wow.min.js
INFO: [ app_init ] --START--
INFO: Run Behavior\BuildLiteBehavior [ RunTime:0.000043s ]
INFO: [ app_init ] --END-- [ RunTime:0.001400s ]
INFO: [ app_begin ] --START--
INFO: Run Behavior\ReadHtmlCacheBehavior [ RunTime:0.000428s ]
INFO: [ app_begin ] --END-- [ RunTime:0.000499s ]
ERR: 无法加载控制器:Assets

[ 2017-09-22T20:53:49+08:00 ] ::1 /tp/assets/js/home.js
INFO: [ app_init ] --START--
INFO: Run Behavior\BuildLiteBehavior [ RunTime:0.000029s ]
INFO: [ app_init ] --END-- [ RunTime:0.000697s ]
INFO: [ app_begin ] --START--
INFO: Run Behavior\ReadHtmlCacheBehavior [ RunTime:0.000340s ]
INFO: [ app_begin ] --END-- [ RunTime:0.000464s ]
ERR: 无法加载控制器:Assets

[ 2017-09-22T20:55:12+08:00 ] ::1 /tp/
INFO: [ app_init ] --START--
INFO: Run Behavior\BuildLiteBehavior [ RunTime:0.000015s ]
INFO: [ app_init ] --END-- [ RunTime:0.000240s ]
INFO: [ app_begin ] --START--
INFO: Run Behavior\ReadHtmlCacheBehavior [ RunTime:0.000257s ]
INFO: [ app_begin ] --END-- [ RunTime:0.000316s ]
INFO: [ view_parse ] --START--
INFO: [ template_filter ] --START--
INFO: Run Behavior\ContentReplaceBehavior [ RunTime:0.000093s ]
INFO: [ template_filter ] --END-- [ RunTime:0.000295s ]
INFO: Run Behavior\ParseTemplateBehavior [ RunTime:0.008921s ]
INFO: [ view_parse ] --END-- [ RunTime:0.008990s ]
INFO: [ view_filter ] --START--
INFO: Run Behavior\WriteHtmlCacheBehavior [ RunTime:0.000146s ]
INFO: [ view_filter ] --END-- [ RunTime:0.000204s ]
INFO: [ app_end ] --START--
INFO: Run Behavior\ShowPageTraceBehavior [ RunTime:0.000520s ]
INFO: [ app_end ] --END-- [ RunTime:0.000583s ]

[ 2017-09-22T21:01:12+08:00 ] ::1 /tp/
INFO: [ app_init ] --START--
INFO: Run Behavior\BuildLiteBehavior [ RunTime:0.000015s ]
INFO: [ app_init ] --END-- [ RunTime:0.000234s ]
INFO: [ app_begin ] --START--
INFO: Run Behavior\ReadHtmlCacheBehavior [ RunTime:0.000257s ]
INFO: [ app_begin ] --END-- [ RunTime:0.000317s ]
ERR: syntax error, unexpected ')', expecting variable (T_VARIABLE)

[ 2017-09-22T21:01:36+08:00 ] ::1 /tp/
INFO: [ app_init ] --START--
INFO: Run Behavior\BuildLiteBehavior [ RunTime:0.000026s ]
INFO: [ app_init ] --END-- [ RunTime:0.000434s ]
INFO: [ app_begin ] --START--
INFO: Run Behavior\ReadHtmlCacheBehavior [ RunTime:0.000532s ]
INFO: [ app_begin ] --END-- [ RunTime:0.000667s ]
ERR: Call to a member function M() on null

[ 2017-09-22T21:02:22+08:00 ] ::1 /tp/
INFO: [ app_init ] --START--
INFO: Run Behavior\BuildLiteBehavior [ RunTime:0.000015s ]
INFO: [ app_init ] --END-- [ RunTime:0.000283s ]
INFO: [ app_begin ] --START--
INFO: Run Behavior\ReadHtmlCacheBehavior [ RunTime:0.000254s ]
INFO: [ app_begin ] --END-- [ RunTime:0.000312s ]
SQL: SHOW COLUMNS FROM `articles` [ RunTime:0.0006s ]
SQL: SELECT * FROM `articles` LIMIT 1   [ RunTime:0.0005s ]
INFO: [ view_parse ] --START--
INFO: [ template_filter ] --START--
INFO: Run Behavior\ContentReplaceBehavior [ RunTime:0.000045s ]
INFO: [ template_filter ] --END-- [ RunTime:0.000176s ]
INFO: Run Behavior\ParseTemplateBehavior [ RunTime:0.006098s ]
INFO: [ view_parse ] --END-- [ RunTime:0.006261s ]
INFO: [ view_filter ] --START--
INFO: Run Behavior\WriteHtmlCacheBehavior [ RunTime:0.000127s ]
INFO: [ view_filter ] --END-- [ RunTime:0.000180s ]
INFO: [ app_end ] --START--
INFO: Run Behavior\ShowPageTraceBehavior [ RunTime:0.000482s ]
INFO: [ app_end ] --END-- [ RunTime:0.000544s ]

[ 2017-09-22T21:05:24+08:00 ] ::1 /tp/
INFO: [ app_init ] --START--
INFO: Run Behavior\BuildLiteBehavior [ RunTime:0.000014s ]
INFO: [ app_init ] --END-- [ RunTime:0.000232s ]
INFO: [ app_begin ] --START--
INFO: Run Behavior\ReadHtmlCacheBehavior [ RunTime:0.000310s ]
INFO: [ app_begin ] --END-- [ RunTime:0.000368s ]
SQL: SHOW COLUMNS FROM `articles` [ RunTime:0.0006s ]
SQL: SELECT * FROM `articles` ORDER BY created_at desc LIMIT 1   [ RunTime:0.0029s ]
INFO: [ view_parse ] --START--
INFO: [ template_filter ] --START--
INFO: Run Behavior\ContentReplaceBehavior [ RunTime:0.000040s ]
INFO: [ template_filter ] --END-- [ RunTime:0.000102s ]
INFO: Run Behavior\ParseTemplateBehavior [ RunTime:0.011146s ]
INFO: [ view_parse ] --END-- [ RunTime:0.011266s ]
INFO: [ view_filter ] --START--
INFO: Run Behavior\WriteHtmlCacheBehavior [ RunTime:0.000237s ]
INFO: [ view_filter ] --END-- [ RunTime:0.000343s ]
INFO: [ app_end ] --START--
INFO: Run Behavior\ShowPageTraceBehavior [ RunTime:0.001287s ]
INFO: [ app_end ] --END-- [ RunTime:0.001433s ]

[ 2017-09-22T21:05:37+08:00 ] ::1 /tp/
INFO: [ app_init ] --START--
INFO: Run Behavior\BuildLiteBehavior [ RunTime:0.000021s ]
INFO: [ app_init ] --END-- [ RunTime:0.000319s ]
INFO: [ app_begin ] --START--
INFO: Run Behavior\ReadHtmlCacheBehavior [ RunTime:0.000399s ]
INFO: [ app_begin ] --END-- [ RunTime:0.000486s ]
SQL: SHOW COLUMNS FROM `articles` [ RunTime:0.0005s ]
SQL: SELECT * FROM `articles` ORDER BY created_at desc LIMIT 0,5   [ RunTime:0.0004s ]
INFO: [ view_parse ] --START--
INFO: [ template_filter ] --START--
INFO: Run Behavior\ContentReplaceBehavior [ RunTime:0.000046s ]
INFO: [ template_filter ] --END-- [ RunTime:0.000120s ]
INFO: Run Behavior\ParseTemplateBehavior [ RunTime:0.017218s ]
INFO: [ view_parse ] --END-- [ RunTime:0.017305s ]
INFO: [ view_filter ] --START--
INFO: Run Behavior\WriteHtmlCacheBehavior [ RunTime:0.000130s ]
INFO: [ view_filter ] --END-- [ RunTime:0.000184s ]
NOTIC: [2] Cannot modify header information - headers already sent by (output started at /Users/secret/www/tp/Application/Home/Controller/IndexController.class.php:8) /Users/secret/www/tp/ThinkPHP/Library/Think/View.class.php 第 91 行.
NOTIC: [2] Cannot modify header information - headers already sent by (output started at /Users/secret/www/tp/Application/Home/Controller/IndexController.class.php:8) /Users/secret/www/tp/ThinkPHP/Library/Think/View.class.php 第 92 行.
NOTIC: [2] Cannot modify header information - headers already sent by (output started at /Users/secret/www/tp/Application/Home/Controller/IndexController.class.php:8) /Users/secret/www/tp/ThinkPHP/Library/Think/View.class.php 第 93 行.
INFO: [ app_end ] --START--
INFO: Run Behavior\ShowPageTraceBehavior [ RunTime:0.000331s ]
INFO: [ app_end ] --END-- [ RunTime:0.000390s ]

[ 2017-09-22T21:11:12+08:00 ] ::1 /tp/
INFO: [ app_init ] --START--
INFO: Run Behavior\BuildLiteBehavior [ RunTime:0.000026s ]
INFO: [ app_init ] --END-- [ RunTime:0.000341s ]
INFO: [ app_begin ] --START--
INFO: Run Behavior\ReadHtmlCacheBehavior [ RunTime:0.000283s ]
INFO: [ app_begin ] --END-- [ RunTime:0.000345s ]
ERR: syntax error, unexpected 'C' (T_STRING), expecting ',' or ')'

[ 2017-09-22T21:11:26+08:00 ] ::1 /tp/
INFO: [ app_init ] --START--
INFO: Run Behavior\BuildLiteBehavior [ RunTime:0.000026s ]
INFO: [ app_init ] --END-- [ RunTime:0.000280s ]
INFO: [ app_begin ] --START--
INFO: Run Behavior\ReadHtmlCacheBehavior [ RunTime:0.000444s ]
INFO: [ app_begin ] --END-- [ RunTime:0.000539s ]
SQL: SHOW COLUMNS FROM `articles` [ RunTime:0.0005s ]
SQL: SELECT * FROM `articles` ORDER BY created_at desc LIMIT 0,5   [ RunTime:0.0004s ]
INFO: [ view_parse ] --START--
INFO: [ template_filter ] --START--
INFO: Run Behavior\ContentReplaceBehavior [ RunTime:0.000064s ]
INFO: [ template_filter ] --END-- [ RunTime:0.000176s ]
INFO: Run Behavior\ParseTemplateBehavior [ RunTime:0.006187s ]
INFO: [ view_parse ] --END-- [ RunTime:0.006514s ]
INFO: [ view_filter ] --START--
INFO: Run Behavior\WriteHtmlCacheBehavior [ RunTime:0.000233s ]
INFO: [ view_filter ] --END-- [ RunTime:0.000335s ]
NOTIC: [2] Cannot modify header information - headers already sent by (output started at /Users/secret/www/tp/Application/Home/Controller/IndexController.class.php:8) /Users/secret/www/tp/ThinkPHP/Library/Think/View.class.php 第 91 行.
NOTIC: [2] Cannot modify header information - headers already sent by (output started at /Users/secret/www/tp/Application/Home/Controller/IndexController.class.php:8) /Users/secret/www/tp/ThinkPHP/Library/Think/View.class.php 第 92 行.
NOTIC: [2] Cannot modify header information - headers already sent by (output started at /Users/secret/www/tp/Application/Home/Controller/IndexController.class.php:8) /Users/secret/www/tp/ThinkPHP/Library/Think/View.class.php 第 93 行.
INFO: [ app_end ] --START--
INFO: Run Behavior\ShowPageTraceBehavior [ RunTime:0.001048s ]
INFO: [ app_end ] --END-- [ RunTime:0.001203s ]

[ 2017-09-22T21:11:40+08:00 ] ::1 /tp/
INFO: [ app_init ] --START--
INFO: Run Behavior\BuildLiteBehavior [ RunTime:0.000015s ]
INFO: [ app_init ] --END-- [ RunTime:0.000246s ]
INFO: [ app_begin ] --START--
INFO: Run Behavior\ReadHtmlCacheBehavior [ RunTime:0.000279s ]
INFO: [ app_begin ] --END-- [ RunTime:0.000344s ]
SQL: SHOW COLUMNS FROM `articles` [ RunTime:0.0008s ]
SQL: SELECT * FROM `articles` ORDER BY created_at desc LIMIT 5,5   [ RunTime:0.0004s ]
INFO: [ view_parse ] --START--
INFO: [ template_filter ] --START--
INFO: Run Behavior\ContentReplaceBehavior [ RunTime:0.000045s ]
INFO: [ template_filter ] --END-- [ RunTime:0.000117s ]
INFO: Run Behavior\ParseTemplateBehavior [ RunTime:0.007898s ]
INFO: [ view_parse ] --END-- [ RunTime:0.008125s ]
INFO: [ view_filter ] --START--
INFO: Run Behavior\WriteHtmlCacheBehavior [ RunTime:0.000348s ]
INFO: [ view_filter ] --END-- [ RunTime:0.001629s ]
NOTIC: [2] Cannot modify header information - headers already sent by (output started at /Users/secret/www/tp/Application/Home/Controller/IndexController.class.php:8) /Users/secret/www/tp/ThinkPHP/Library/Think/View.class.php 第 91 行.
NOTIC: [2] Cannot modify header information - headers already sent by (output started at /Users/secret/www/tp/Application/Home/Controller/IndexController.class.php:8) /Users/secret/www/tp/ThinkPHP/Library/Think/View.class.php 第 92 行.
NOTIC: [2] Cannot modify header information - headers already sent by (output started at /Users/secret/www/tp/Application/Home/Controller/IndexController.class.php:8) /Users/secret/www/tp/ThinkPHP/Library/Think/View.class.php 第 93 行.
INFO: [ app_end ] --START--
INFO: Run Behavior\ShowPageTraceBehavior [ RunTime:0.000894s ]
INFO: [ app_end ] --END-- [ RunTime:0.001009s ]

[ 2017-09-22T21:11:47+08:00 ] ::1 /tp/
INFO: [ app_init ] --START--
INFO: Run Behavior\BuildLiteBehavior [ RunTime:0.000015s ]
INFO: [ app_init ] --END-- [ RunTime:0.000231s ]
INFO: [ app_begin ] --START--
INFO: Run Behavior\ReadHtmlCacheBehavior [ RunTime:0.000241s ]
INFO: [ app_begin ] --END-- [ RunTime:0.000297s ]
SQL: SHOW COLUMNS FROM `articles` [ RunTime:0.0005s ]
SQL: SELECT * FROM `articles` ORDER BY created_at desc LIMIT 10,5   [ RunTime:0.0003s ]
INFO: [ view_parse ] --START--
INFO: [ template_filter ] --START--
INFO: Run Behavior\ContentReplaceBehavior [ RunTime:0.000040s ]
INFO: [ template_filter ] --END-- [ RunTime:0.000101s ]
INFO: Run Behavior\ParseTemplateBehavior [ RunTime:0.003728s ]
INFO: [ view_parse ] --END-- [ RunTime:0.003791s ]
INFO: [ view_filter ] --START--
INFO: Run Behavior\WriteHtmlCacheBehavior [ RunTime:0.000106s ]
INFO: [ view_filter ] --END-- [ RunTime:0.000155s ]
INFO: [ app_end ] --START--
INFO: Run Behavior\ShowPageTraceBehavior [ RunTime:0.000276s ]
INFO: [ app_end ] --END-- [ RunTime:0.000329s ]

[ 2017-09-22T21:25:06+08:00 ] ::1 /tp/
INFO: [ app_init ] --START--
INFO: Run Behavior\BuildLiteBehavior [ RunTime:0.000017s ]
INFO: [ app_init ] --END-- [ RunTime:0.000290s ]
INFO: [ app_begin ] --START--
INFO: Run Behavior\ReadHtmlCacheBehavior [ RunTime:0.000281s ]
INFO: [ app_begin ] --END-- [ RunTime:0.000352s ]
SQL: SHOW COLUMNS FROM `articles` [ RunTime:0.0006s ]
SQL: SELECT * FROM `articles` ORDER BY created_at desc LIMIT 0,5   [ RunTime:0.0004s ]
INFO: [ view_parse ] --START--
INFO: [ template_filter ] --START--
INFO: Run Behavior\ContentReplaceBehavior [ RunTime:0.000049s ]
INFO: [ template_filter ] --END-- [ RunTime:0.000127s ]
INFO: Run Behavior\ParseTemplateBehavior [ RunTime:0.005566s ]
INFO: [ view_parse ] --END-- [ RunTime:0.005956s ]
INFO: [ view_filter ] --START--
INFO: Run Behavior\WriteHtmlCacheBehavior [ RunTime:0.000560s ]
INFO: [ view_filter ] --END-- [ RunTime:0.001214s ]
NOTIC: [2] Cannot modify header information - headers already sent by (output started at /Users/secret/www/tp/Application/Home/Controller/IndexController.class.php:8) /Users/secret/www/tp/ThinkPHP/Library/Think/View.class.php 第 91 行.
NOTIC: [2] Cannot modify header information - headers already sent by (output started at /Users/secret/www/tp/Application/Home/Controller/IndexController.class.php:8) /Users/secret/www/tp/ThinkPHP/Library/Think/View.class.php 第 92 行.
NOTIC: [2] Cannot modify header information - headers already sent by (output started at /Users/secret/www/tp/Application/Home/Controller/IndexController.class.php:8) /Users/secret/www/tp/ThinkPHP/Library/Think/View.class.php 第 93 行.
INFO: [ app_end ] --START--
INFO: Run Behavior\ShowPageTraceBehavior [ RunTime:0.001166s ]
INFO: [ app_end ] --END-- [ RunTime:0.001252s ]

[ 2017-09-22T21:30:50+08:00 ] ::1 /tp/
INFO: [ app_init ] --START--
INFO: Run Behavior\BuildLiteBehavior [ RunTime:0.000015s ]
INFO: [ app_init ] --END-- [ RunTime:0.000256s ]
INFO: [ app_begin ] --START--
INFO: Run Behavior\ReadHtmlCacheBehavior [ RunTime:0.000377s ]
INFO: [ app_begin ] --END-- [ RunTime:0.000445s ]
ERR: 无法加载数据库驱动: Think\Db\Driver\

[ 2017-09-22T21:36:51+08:00 ] ::1 /tp/
INFO: [ app_init ] --START--
INFO: Run Behavior\BuildLiteBehavior [ RunTime:0.000017s ]
INFO: [ app_init ] --END-- [ RunTime:0.000339s ]
INFO: [ app_begin ] --START--
INFO: Run Behavior\ReadHtmlCacheBehavior [ RunTime:0.000390s ]
INFO: [ app_begin ] --END-- [ RunTime:0.000477s ]
SQL: SHOW COLUMNS FROM `articles` [ RunTime:0.0005s ]
SQL: SELECT * FROM `articles` ORDER BY created_at desc LIMIT 0,5   [ RunTime:0.0004s ]
INFO: [ view_parse ] --START--
INFO: [ template_filter ] --START--
INFO: Run Behavior\ContentReplaceBehavior [ RunTime:0.000043s ]
INFO: [ template_filter ] --END-- [ RunTime:0.000113s ]
INFO: Run Behavior\ParseTemplateBehavior [ RunTime:0.005300s ]
INFO: [ view_parse ] --END-- [ RunTime:0.005475s ]
INFO: [ view_filter ] --START--
INFO: Run Behavior\WriteHtmlCacheBehavior [ RunTime:0.000240s ]
INFO: [ view_filter ] --END-- [ RunTime:0.000340s ]
NOTIC: [2] Cannot modify header information - headers already sent by (output started at /Users/secret/www/tp/Application/Home/Controller/IndexController.class.php:8) /Users/secret/www/tp/ThinkPHP/Library/Think/View.class.php 第 91 行.
NOTIC: [2] Cannot modify header information - headers already sent by (output started at /Users/secret/www/tp/Application/Home/Controller/IndexController.class.php:8) /Users/secret/www/tp/ThinkPHP/Library/Think/View.class.php 第 92 行.
NOTIC: [2] Cannot modify header information - headers already sent by (output started at /Users/secret/www/tp/Application/Home/Controller/IndexController.class.php:8) /Users/secret/www/tp/ThinkPHP/Library/Think/View.class.php 第 93 行.
INFO: [ app_end ] --START--
INFO: Run Behavior\ShowPageTraceBehavior [ RunTime:0.000586s ]
INFO: [ app_end ] --END-- [ RunTime:0.000680s ]

