[ 2017-10-09T16:25:40+08:00 ] 192.168.10.1 /
INFO: [ app_init ] --START--
INFO: Run Behavior\BuildLiteBehavior [ RunTime:0.000015s ]
INFO: [ app_init ] --END-- [ RunTime:0.000837s ]
INFO: [ app_begin ] --START--
INFO: Run Behavior\ReadHtmlCacheBehavior [ RunTime:0.000823s ]
INFO: [ app_begin ] --END-- [ RunTime:0.000868s ]
SQL: SHOW COLUMNS FROM `articles` [ RunTime:0.0004s ]
SQL: SELECT COUNT(*) AS tp_count FROM `articles` LIMIT 1   [ RunTime:0.0001s ]
SQL: SELECT * FROM `articles` WHERE ( status = 1.000000 ) ORDER BY created_at desc LIMIT 0,5   [ RunTime:0.0002s ]
INFO: [ view_parse ] --START--
INFO: [ template_filter ] --START--
INFO: Run Behavior\ContentReplaceBehavior [ RunTime:0.000039s ]
INFO: [ template_filter ] --END-- [ RunTime:0.000078s ]
INFO: Run Behavior\ParseTemplateBehavior [ RunTime:0.016121s ]
INFO: [ view_parse ] --END-- [ RunTime:0.016164s ]
INFO: [ view_filter ] --START--
INFO: Run Behavior\WriteHtmlCacheBehavior [ RunTime:0.000964s ]
INFO: [ view_filter ] --END-- [ RunTime:0.000997s ]
INFO: [ app_end ] --START--
INFO: Run Behavior\ShowPageTraceBehavior [ RunTime:0.000834s ]
INFO: [ app_end ] --END-- [ RunTime:0.000864s ]

[ 2017-10-09T16:25:47+08:00 ] 192.168.10.1 /index.php?s=/Article/index/id/9.html
INFO: [ app_init ] --START--
INFO: Run Behavior\BuildLiteBehavior [ RunTime:0.000013s ]
INFO: [ app_init ] --END-- [ RunTime:0.000610s ]
INFO: [ app_begin ] --START--
INFO: Run Behavior\ReadHtmlCacheBehavior [ RunTime:0.000850s ]
INFO: [ app_begin ] --END-- [ RunTime:0.000896s ]
SQL: SHOW COLUMNS FROM `articles` [ RunTime:0.0004s ]
SQL: SELECT * FROM `articles` WHERE ( id = 9.000000 and status = 1.000000 ) LIMIT 1   [ RunTime:0.0002s ]
SQL: SELECT * FROM `articles` WHERE ( created_at > 1505542061.000000 and status = 1 ) ORDER BY created_at asc LIMIT 1   [ RunTime:0.0003s ]
SQL: SELECT * FROM `articles` WHERE ( created_at < 1505542061.000000 and status = 1 ) ORDER BY created_at desc LIMIT 1   [ RunTime:0.0002s ]
INFO: [ view_parse ] --START--
INFO: [ template_filter ] --START--
INFO: Run Behavior\ContentReplaceBehavior [ RunTime:0.000037s ]
INFO: [ template_filter ] --END-- [ RunTime:0.000079s ]
INFO: Run Behavior\ParseTemplateBehavior [ RunTime:0.015785s ]
INFO: [ view_parse ] --END-- [ RunTime:0.015829s ]
INFO: [ view_filter ] --START--
INFO: Run Behavior\WriteHtmlCacheBehavior [ RunTime:0.000749s ]
INFO: [ view_filter ] --END-- [ RunTime:0.000779s ]
INFO: [ app_end ] --START--
INFO: Run Behavior\ShowPageTraceBehavior [ RunTime:0.000707s ]
INFO: [ app_end ] --END-- [ RunTime:0.000735s ]

[ 2017-10-09T16:29:11+08:00 ] 192.168.10.1 /index.php?s=/Article/index/id/9.html
INFO: [ app_init ] --START--
INFO: Run Behavior\BuildLiteBehavior [ RunTime:0.000013s ]
INFO: [ app_init ] --END-- [ RunTime:0.001684s ]
INFO: [ app_begin ] --START--
INFO: Run Behavior\ReadHtmlCacheBehavior [ RunTime:0.002497s ]
INFO: [ app_begin ] --END-- [ RunTime:0.002548s ]
SQL: SHOW COLUMNS FROM `articles` [ RunTime:0.0079s ]
SQL: SELECT * FROM `articles` WHERE ( id = 9.000000 and status = 1.000000 ) LIMIT 1   [ RunTime:0.0003s ]
SQL: SELECT * FROM `articles` WHERE ( created_at > 1505542061.000000 and status = 1 ) ORDER BY created_at asc LIMIT 1   [ RunTime:0.0003s ]
SQL: SELECT * FROM `articles` WHERE ( created_at < 1505542061.000000 and status = 1 ) ORDER BY created_at desc LIMIT 1   [ RunTime:0.0002s ]
INFO: [ view_parse ] --START--
INFO: [ template_filter ] --START--
INFO: Run Behavior\ContentReplaceBehavior [ RunTime:0.000033s ]
INFO: [ template_filter ] --END-- [ RunTime:0.000079s ]
INFO: Run Behavior\ParseTemplateBehavior [ RunTime:0.028936s ]
INFO: [ view_parse ] --END-- [ RunTime:0.028982s ]
INFO: [ view_filter ] --START--
INFO: Run Behavior\WriteHtmlCacheBehavior [ RunTime:0.001836s ]
INFO: [ view_filter ] --END-- [ RunTime:0.001871s ]
INFO: [ app_end ] --START--
INFO: Run Behavior\ShowPageTraceBehavior [ RunTime:0.002733s ]
INFO: [ app_end ] --END-- [ RunTime:0.002772s ]

