[ 2017-09-28T11:12:43+08:00 ] ::1 /tp/admin.php
INFO: [ app_init ] --START--
INFO: Run Behavior\BuildLiteBehavior [ RunTime:0.000021s ]
INFO: [ app_init ] --END-- [ RunTime:0.000597s ]
INFO: [ app_begin ] --START--
INFO: Run Behavior\ReadHtmlCacheBehavior [ RunTime:0.000604s ]
INFO: [ app_begin ] --END-- [ RunTime:0.000684s ]
INFO: [ view_parse ] --START--
INFO: [ template_filter ] --START--
INFO: Run Behavior\ContentReplaceBehavior [ RunTime:0.000059s ]
INFO: [ template_filter ] --END-- [ RunTime:0.000135s ]
NOTIC: [2] file_put_contents(./Application/Runtime/Cache/Admin/085b574956cdc611cfedaace62cf4e64.php): failed to open stream: Permission denied /Users/secret/www/tp/ThinkPHP/Library/Think/Storage/Driver/File.class.php 第 47 行.
ERR: _STORAGE_WRITE_ERROR_:./Application/Runtime/Cache/Admin/085b574956cdc611cfedaace62cf4e64.php

[ 2017-09-28T18:45:02+08:00 ] ::1 /tp/admin.php
INFO: [ app_init ] --START--
INFO: Run Behavior\BuildLiteBehavior [ RunTime:0.000015s ]
INFO: [ app_init ] --END-- [ RunTime:0.000273s ]
INFO: [ app_begin ] --START--
INFO: Run Behavior\ReadHtmlCacheBehavior [ RunTime:0.000293s ]
INFO: [ app_begin ] --END-- [ RunTime:0.000353s ]
INFO: [ view_parse ] --START--
INFO: [ template_filter ] --START--
INFO: Run Behavior\ContentReplaceBehavior [ RunTime:0.000040s ]
INFO: [ template_filter ] --END-- [ RunTime:0.000110s ]
NOTIC: [2] file_put_contents(./Application/Runtime/Cache/Admin/085b574956cdc611cfedaace62cf4e64.php): failed to open stream: Permission denied /Users/secret/www/tp/ThinkPHP/Library/Think/Storage/Driver/File.class.php 第 47 行.
ERR: _STORAGE_WRITE_ERROR_:./Application/Runtime/Cache/Admin/085b574956cdc611cfedaace62cf4e64.php

[ 2017-09-28T18:45:14+08:00 ] ::1 /tp/admin.php
INFO: [ app_init ] --START--
INFO: Run Behavior\BuildLiteBehavior [ RunTime:0.000016s ]
INFO: [ app_init ] --END-- [ RunTime:0.000281s ]
INFO: [ app_begin ] --START--
INFO: Run Behavior\ReadHtmlCacheBehavior [ RunTime:0.000290s ]
INFO: [ app_begin ] --END-- [ RunTime:0.000354s ]
INFO: [ view_parse ] --START--
INFO: [ template_filter ] --START--
INFO: Run Behavior\ContentReplaceBehavior [ RunTime:0.000039s ]
INFO: [ template_filter ] --END-- [ RunTime:0.000109s ]
NOTIC: [2] file_put_contents(./Application/Runtime/Cache/Admin/085b574956cdc611cfedaace62cf4e64.php): failed to open stream: Permission denied /Users/secret/www/tp/ThinkPHP/Library/Think/Storage/Driver/File.class.php 第 47 行.
ERR: _STORAGE_WRITE_ERROR_:./Application/Runtime/Cache/Admin/085b574956cdc611cfedaace62cf4e64.php

